Sandbox logs:
{
  "sandboxLog": "{\"errorMessage\":\"2024-04-11T02:04:16.504Z eecf19b0-781a-40a7-9738-1f400121937f Task timed out after 1.02 seconds\"}",
  "lambdaLog": "{\"errorMessage\":\"2024-04-11T02:04:16.504Z eecf19b0-781a-40a7-9738-1f400121937f Task timed out after 1.02 seconds\"}",
  "timestamp": 0
}
{
  "sandboxLog": "{\"errorMessage\":\"2024-04-11T02:04:17.824Z e15a6b71-9f05-40bf-abac-ca764bddd4f9 Task timed out after 1.09 seconds\"}",
  "lambdaLog": "{\"errorMessage\":\"2024-04-11T02:04:17.824Z e15a6b71-9f05-40bf-abac-ca764bddd4f9 Task timed out after 1.09 seconds\"}",
  "timestamp": 100
}
{
  "sandboxLog": "{\"errorMessage\":\"2024-04-11T02:04:19.143Z c96d1c84-dccf-4a1d-958d-028a51154acf Task timed out after 1.28 seconds\"}",
  "lambdaLog": "{\"errorMessage\":\"2024-04-11T02:04:19.143Z c96d1c84-dccf-4a1d-958d-028a51154acf Task timed out after 1.28 seconds\"}",
  "timestamp": 200
}
{
  "sandboxLog": "{\"errorMessage\":\"2024-04-11T02:04:20.403Z d66f1231-74c4-4ff5-8b16-89948db61e1b Task timed out after 1.05 seconds\"}",
  "lambdaLog": "{\"errorMessage\":\"2024-04-11T02:04:20.403Z d66f1231-74c4-4ff5-8b16-89948db61e1b Task timed out after 1.05 seconds\"}",
  "timestamp": 300
}
{
  "sandboxLog": "{\"errorMessage\":\"2024-04-11T02:04:21.504Z b3f00192-934e-4fe9-8463-9391d4da7610 Task timed out after 1.07 seconds\"}",
  "lambdaLog": "{\"errorMessage\":\"2024-04-11T02:04:21.504Z b3f00192-934e-4fe9-8463-9391d4da7610 Task timed out after 1.07 seconds\"}",
  "timestamp": 400
}
{
  "sandboxLog": "{\"errorMessage\":\"2024-04-11T02:04:22.623Z f0e3f6e3-b262-41c9-bf55-0285e7172f0a Task timed out after 1.06 seconds\"}",
  "lambdaLog": "{\"errorMessage\":\"2024-04-11T02:04:22.623Z f0e3f6e3-b262-41c9-bf55-0285e7172f0a Task timed out after 1.06 seconds\"}",
  "timestamp": 500
}
{
  "sandboxLog": "{\"errorMessage\":\"2024-04-11T02:04:23.803Z 7a556e24-3624-4a44-942c-a0990ad1b0b7 Task timed out after 1.14 seconds\"}",
  "lambdaLog": "{\"errorMessage\":\"2024-04-11T02:04:23.803Z 7a556e24-3624-4a44-942c-a0990ad1b0b7 Task timed out after 1.14 seconds\"}",
  "timestamp": 600
}
{
  "sandboxLog": "{\"errorMessage\":\"2024-04-11T02:04:25.063Z b108641c-3aaa-49e1-a7d1-cd1592608c14 Task timed out after 1.08 seconds\"}",
  "lambdaLog": "{\"errorMessage\":\"2024-04-11T02:04:25.063Z b108641c-3aaa-49e1-a7d1-cd1592608c14 Task timed out after 1.08 seconds\"}",
  "timestamp": 700
}
{
  "sandboxLog": "{\"errorMessage\":\"2024-04-11T02:04:26.104Z 7a221727-8b1e-44b0-9549-0fa46960fb75 Task timed out after 1.02 seconds\"}",
  "lambdaLog": "{\"errorMessage\":\"2024-04-11T02:04:26.104Z 7a221727-8b1e-44b0-9549-0fa46960fb75 Task timed out after 1.02 seconds\"}",
  "timestamp": 800
}
{
  "sandboxLog": "{\"errorMessage\":\"2024-04-11T02:04:27.203Z 6b121b12-219f-4e54-b2a8-d4cf75e58ec4 Task timed out after 1.04 seconds\"}",
  "lambdaLog": "{\"errorMessage\":\"2024-04-11T02:04:27.203Z 6b121b12-219f-4e54-b2a8-d4cf75e58ec4 Task timed out after 1.04 seconds\"}",
  "timestamp": 900
}
{
  "sandboxLog": "{\"errorMessage\":\"2024-04-11T02:04:28.403Z 0a59ab04-e0f4-4a32-81a8-ee82127d70b1 Task timed out after 1.12 seconds\"}",
  "lambdaLog": "{\"errorMessage\":\"2024-04-11T02:04:28.403Z 0a59ab04-e0f4-4a32-81a8-ee82127d70b1 Task timed out after 1.12 seconds\"}",
  "timestamp": 1000
}
{
  "sandboxLog": "{\"errorMessage\":\"2024-04-11T02:04:29.504Z 93017a31-890d-45f5-a5c6-efdf227572f2 Task timed out after 1.06 seconds\"}",
  "lambdaLog": "{\"errorMessage\":\"2024-04-11T02:04:29.504Z 93017a31-890d-45f5-a5c6-efdf227572f2 Task timed out after 1.06 seconds\"}",
  "timestamp": 1100
}
{
  "sandboxLog": "{\"errorMessage\":\"2024-04-11T02:04:30.603Z c1eb749d-e817-4c0e-ab47-b8208fff3e1c Task timed out after 1.06 seconds\"}",
  "lambdaLog": "{\"errorMessage\":\"2024-04-11T02:04:30.603Z c1eb749d-e817-4c0e-ab47-b8208fff3e1c Task timed out after 1.06 seconds\"}",
  "timestamp": 1200
}
{
  "sandboxLog": "{\"errorMessage\":\"2024-04-11T02:04:31.883Z 95a1a732-8c86-4af5-9940-4b23e56e4e92 Task timed out after 1.05 seconds\"}",
  "lambdaLog": "{\"errorMessage\":\"2024-04-11T02:04:31.883Z 95a1a732-8c86-4af5-9940-4b23e56e4e92 Task timed out after 1.05 seconds\"}",
  "timestamp": 1300
}
{
  "sandboxLog": "{\"errorMessage\":\"2024-04-11T02:04:32.984Z cc482016-e4dd-4b2b-90a0-ed6fb9b0556e Task timed out after 1.06 seconds\"}",
  "lambdaLog": "{\"errorMessage\":\"2024-04-11T02:04:32.984Z cc482016-e4dd-4b2b-90a0-ed6fb9b0556e Task timed out after 1.06 seconds\"}",
  "timestamp": 1400
}
{
  "sandboxLog": "{\"errorMessage\":\"2024-04-11T02:04:34.223Z caeb187d-48ca-4040-87c4-405452e50e16 Task timed out after 1.04 seconds\"}",
  "lambdaLog": "{\"errorMessage\":\"2024-04-11T02:04:34.223Z caeb187d-48ca-4040-87c4-405452e50e16 Task timed out after 1.04 seconds\"}",
  "timestamp": 1500
}
{
  "sandboxLog": "{\"errorMessage\":\"2024-04-11T02:04:35.284Z 992a7561-b5e4-44b4-9662-7f2b6c9753af Task timed out after 1.03 seconds\"}",
  "lambdaLog": "{\"errorMessage\":\"2024-04-11T02:04:35.284Z 992a7561-b5e4-44b4-9662-7f2b6c9753af Task timed out after 1.03 seconds\"}",
  "timestamp": 1600
}
{
  "sandboxLog": "{\"errorMessage\":\"2024-04-11T02:04:36.363Z 0985509a-4dd5-4295-ae9e-38d76078507e Task timed out after 1.02 seconds\"}",
  "lambdaLog": "{\"errorMessage\":\"2024-04-11T02:04:36.363Z 0985509a-4dd5-4295-ae9e-38d76078507e Task timed out after 1.02 seconds\"}",
  "timestamp": 1700
}
{
  "sandboxLog": "{\"errorMessage\":\"2024-04-11T02:04:37.504Z 0b5e01be-46be-4145-a754-4581deeb39a0 Task timed out after 1.10 seconds\"}",
  "lambdaLog": "{\"errorMessage\":\"2024-04-11T02:04:37.504Z 0b5e01be-46be-4145-a754-4581deeb39a0 Task timed out after 1.10 seconds\"}",
  "timestamp": 1800
}
{
  "sandboxLog": "{\"errorMessage\":\"2024-04-11T02:04:38.724Z fb30037d-928e-4fc5-9b83-05a5d419c0b7 Task timed out after 1.05 seconds\"}",
  "lambdaLog": "{\"errorMessage\":\"2024-04-11T02:04:38.724Z fb30037d-928e-4fc5-9b83-05a5d419c0b7 Task timed out after 1.05 seconds\"}",
  "timestamp": 1900
}
{
  "sandboxLog": "{\"errorMessage\":\"2024-04-11T02:04:39.803Z 7d57d105-a391-42f1-adff-08ca35ed3e0d Task timed out after 1.02 seconds\"}",
  "lambdaLog": "{\"errorMessage\":\"2024-04-11T02:04:39.803Z 7d57d105-a391-42f1-adff-08ca35ed3e0d Task timed out after 1.02 seconds\"}",
  "timestamp": 2000
}
{
  "sandboxLog": "{\"errorMessage\":\"2024-04-11T02:04:40.864Z a64f4e23-2816-4aa5-9f56-f01fab3e5c4e Task timed out after 1.02 seconds\"}",
  "lambdaLog": "{\"errorMessage\":\"2024-04-11T02:04:40.864Z a64f4e23-2816-4aa5-9f56-f01fab3e5c4e Task timed out after 1.02 seconds\"}",
  "timestamp": 2100
}
{
  "sandboxLog": "{\"errorMessage\":\"2024-04-11T02:04:41.964Z 0c455d2e-c782-4688-aa40-6946a6c28cb4 Task timed out after 1.04 seconds\"}",
  "lambdaLog": "{\"errorMessage\":\"2024-04-11T02:04:41.964Z 0c455d2e-c782-4688-aa40-6946a6c28cb4 Task timed out after 1.04 seconds\"}",
  "timestamp": 2200
}
{
  "sandboxLog": "{\"errorMessage\":\"2024-04-11T02:04:43.083Z 98bc4574-98d7-46a9-bd29-dc1150e20377 Task timed out after 1.05 seconds\"}",
  "lambdaLog": "{\"errorMessage\":\"2024-04-11T02:04:43.083Z 98bc4574-98d7-46a9-bd29-dc1150e20377 Task timed out after 1.05 seconds\"}",
  "timestamp": 2300
}
{
  "sandboxLog": "{\"errorMessage\":\"2024-04-11T02:04:44.144Z c61c5212-876a-4531-94f1-96dce6fafdb8 Task timed out after 1.04 seconds\"}",
  "lambdaLog": "{\"errorMessage\":\"2024-04-11T02:04:44.144Z c61c5212-876a-4531-94f1-96dce6fafdb8 Task timed out after 1.04 seconds\"}",
  "timestamp": 2400
}
{
  "sandboxLog": "{\"errorMessage\":\"2024-04-11T02:04:45.224Z f8c17986-de90-4126-95cb-fd80f1745e47 Task timed out after 1.04 seconds\"}",
  "lambdaLog": "{\"errorMessage\":\"2024-04-11T02:04:45.224Z f8c17986-de90-4126-95cb-fd80f1745e47 Task timed out after 1.04 seconds\"}",
  "timestamp": 2500
}
{
  "sandboxLog": "{\"errorMessage\":\"2024-04-11T02:04:46.304Z 5bd9a21c-c60e-42cd-a476-1f0be47ca778 Task timed out after 1.02 seconds\"}",
  "lambdaLog": "{\"errorMessage\":\"2024-04-11T02:04:46.304Z 5bd9a21c-c60e-42cd-a476-1f0be47ca778 Task timed out after 1.02 seconds\"}",
  "timestamp": 2600
}
{
  "sandboxLog": "{\"errorMessage\":\"2024-04-11T02:04:47.424Z fe1f7a2a-f027-4701-9b78-9e7429949882 Task timed out after 1.06 seconds\"}",
  "lambdaLog": "{\"errorMessage\":\"2024-04-11T02:04:47.424Z fe1f7a2a-f027-4701-9b78-9e7429949882 Task timed out after 1.06 seconds\"}",
  "timestamp": 2700
}
{
  "sandboxLog": "{\"errorMessage\":\"2024-04-11T02:04:48.504Z 3344a48c-0dfe-4477-b89b-5d6676134442 Task timed out after 1.04 seconds\"}",
  "lambdaLog": "{\"errorMessage\":\"2024-04-11T02:04:48.504Z 3344a48c-0dfe-4477-b89b-5d6676134442 Task timed out after 1.04 seconds\"}",
  "timestamp": 2800
}
{
  "sandboxLog": "{\"errorMessage\":\"2024-04-11T02:04:49.584Z 0956c81c-89e7-46ae-a6c7-6ffa92ed8f5b Task timed out after 1.04 seconds\"}",
  "lambdaLog": "{\"errorMessage\":\"2024-04-11T02:04:49.584Z 0956c81c-89e7-46ae-a6c7-6ffa92ed8f5b Task timed out after 1.04 seconds\"}",
  "timestamp": 2900
}
{
  "sandboxLog": "{\"errorMessage\":\"2024-04-11T02:04:50.844Z 3a8fa0d7-4a2b-4ab2-8aae-4f7d3836bdcc Task timed out after 1.04 seconds\"}",
  "lambdaLog": "{\"errorMessage\":\"2024-04-11T02:04:50.844Z 3a8fa0d7-4a2b-4ab2-8aae-4f7d3836bdcc Task timed out after 1.04 seconds\"}",
  "timestamp": 3000
}
{
  "sandboxLog": "{\"errorMessage\":\"2024-04-11T02:04:51.944Z 474766ea-af3e-4acd-b9a4-a27e1282fb7b Task timed out after 1.04 seconds\"}",
  "lambdaLog": "{\"errorMessage\":\"2024-04-11T02:04:51.944Z 474766ea-af3e-4acd-b9a4-a27e1282fb7b Task timed out after 1.04 seconds\"}",
  "timestamp": 3100
}
{
  "sandboxLog": "{\"errorMessage\":\"2024-04-11T02:04:53.043Z 57234345-6625-4bce-8f43-80f0b1d6c669 Task timed out after 1.06 seconds\"}",
  "lambdaLog": "{\"errorMessage\":\"2024-04-11T02:04:53.043Z 57234345-6625-4bce-8f43-80f0b1d6c669 Task timed out after 1.06 seconds\"}",
  "timestamp": 3200
}
{
  "sandboxLog": "{\"errorMessage\":\"2024-04-11T02:04:54.143Z 91e7c46f-fa2d-4be6-9934-8750fb7e12b9 Task timed out after 1.06 seconds\"}",
  "lambdaLog": "{\"errorMessage\":\"2024-04-11T02:04:54.143Z 91e7c46f-fa2d-4be6-9934-8750fb7e12b9 Task timed out after 1.06 seconds\"}",
  "timestamp": 3300
}
{
  "sandboxLog": "{\"errorMessage\":\"2024-04-11T02:04:55.304Z 0bf56ade-2aae-4809-8f25-017e702c8191 Task timed out after 1.12 seconds\"}",
  "lambdaLog": "{\"errorMessage\":\"2024-04-11T02:04:55.304Z 0bf56ade-2aae-4809-8f25-017e702c8191 Task timed out after 1.12 seconds\"}",
  "timestamp": 3400
}
{
  "sandboxLog": "{\"errorMessage\":\"2024-04-11T02:04:56.464Z 2405ba47-d723-4096-af7f-8fc761eed098 Task timed out after 1.12 seconds\"}",
  "lambdaLog": "{\"errorMessage\":\"2024-04-11T02:04:56.464Z 2405ba47-d723-4096-af7f-8fc761eed098 Task timed out after 1.12 seconds\"}",
  "timestamp": 3500
}
{
  "sandboxLog": "{\"errorMessage\":\"2024-04-11T02:04:57.544Z 7b51b191-3bd0-4bfe-906e-54205c7bc501 Task timed out after 1.04 seconds\"}",
  "lambdaLog": "{\"errorMessage\":\"2024-04-11T02:04:57.544Z 7b51b191-3bd0-4bfe-906e-54205c7bc501 Task timed out after 1.04 seconds\"}",
  "timestamp": 3600
}
{
  "sandboxLog": "{\"errorMessage\":\"2024-04-11T02:04:58.643Z a5874914-cc09-42e7-80d5-0d1bc2641e97 Task timed out after 1.04 seconds\"}",
  "lambdaLog": "{\"errorMessage\":\"2024-04-11T02:04:58.643Z a5874914-cc09-42e7-80d5-0d1bc2641e97 Task timed out after 1.04 seconds\"}",
  "timestamp": 3700
}
{
  "sandboxLog": "{\"errorMessage\":\"2024-04-11T02:04:59.743Z b8565db6-650d-4664-8e89-5a62bc6527cf Task timed out after 1.06 seconds\"}",
  "lambdaLog": "{\"errorMessage\":\"2024-04-11T02:04:59.743Z b8565db6-650d-4664-8e89-5a62bc6527cf Task timed out after 1.06 seconds\"}",
  "timestamp": 3800
}
{
  "sandboxLog": "{\"errorMessage\":\"2024-04-11T02:05:00.823Z 5a7836f4-d44b-4eb2-afa0-d8c34cbbe3dd Task timed out after 1.04 seconds\"}",
  "lambdaLog": "{\"errorMessage\":\"2024-04-11T02:05:00.823Z 5a7836f4-d44b-4eb2-afa0-d8c34cbbe3dd Task timed out after 1.04 seconds\"}",
  "timestamp": 3900
}
{
  "sandboxLog": "{\"errorMessage\":\"2024-04-11T02:05:02.003Z 18bef957-87f2-4cbb-8e9b-1def6762a4e4 Task timed out after 1.14 seconds\"}",
  "lambdaLog": "{\"errorMessage\":\"2024-04-11T02:05:02.003Z 18bef957-87f2-4cbb-8e9b-1def6762a4e4 Task timed out after 1.14 seconds\"}",
  "timestamp": 4000
}
{
  "sandboxLog": "{\"errorMessage\":\"2024-04-11T02:05:03.084Z 1399eff4-67d2-4ceb-ace2-8dd56750ae2f Task timed out after 1.04 seconds\"}",
  "lambdaLog": "{\"errorMessage\":\"2024-04-11T02:05:03.084Z 1399eff4-67d2-4ceb-ace2-8dd56750ae2f Task timed out after 1.04 seconds\"}",
  "timestamp": 4100
}
{
  "sandboxLog": "{\"errorMessage\":\"2024-04-11T02:05:04.163Z 538d1403-9185-4b1d-a14b-50d0f7417e9f Task timed out after 1.04 seconds\"}",
  "lambdaLog": "{\"errorMessage\":\"2024-04-11T02:05:04.163Z 538d1403-9185-4b1d-a14b-50d0f7417e9f Task timed out after 1.04 seconds\"}",
  "timestamp": 4200
}
{
  "sandboxLog": "{\"errorMessage\":\"2024-04-11T02:05:05.223Z 38b3da55-5f57-4d55-8cba-3fc4209653cb Task timed out after 1.04 seconds\"}",
  "lambdaLog": "{\"errorMessage\":\"2024-04-11T02:05:05.223Z 38b3da55-5f57-4d55-8cba-3fc4209653cb Task timed out after 1.04 seconds\"}",
  "timestamp": 4300
}
{
  "sandboxLog": "{\"errorMessage\":\"2024-04-11T02:05:06.284Z d417ba8e-8445-454f-97cb-94072da7090f Task timed out after 1.02 seconds\"}",
  "lambdaLog": "{\"errorMessage\":\"2024-04-11T02:05:06.284Z d417ba8e-8445-454f-97cb-94072da7090f Task timed out after 1.02 seconds\"}",
  "timestamp": 4400
}
{
  "sandboxLog": "{\"errorMessage\":\"2024-04-11T02:05:07.345Z 76803606-4760-4884-ad71-e5f81c773fbd Task timed out after 1.02 seconds\"}",
  "lambdaLog": "{\"errorMessage\":\"2024-04-11T02:05:07.345Z 76803606-4760-4884-ad71-e5f81c773fbd Task timed out after 1.02 seconds\"}",
  "timestamp": 4500
}
{
  "sandboxLog": "{\"errorMessage\":\"2024-04-11T02:05:08.444Z 140b6667-fea1-4aa9-ae0c-06a9786f76ab Task timed out after 1.02 seconds\"}",
  "lambdaLog": "{\"errorMessage\":\"2024-04-11T02:05:08.444Z 140b6667-fea1-4aa9-ae0c-06a9786f76ab Task timed out after 1.02 seconds\"}",
  "timestamp": 4600
}
{
  "sandboxLog": "{\"errorMessage\":\"2024-04-11T02:05:09.524Z 23cdf8f8-bef8-487f-9fa9-c3868e5517be Task timed out after 1.02 seconds\"}",
  "lambdaLog": "{\"errorMessage\":\"2024-04-11T02:05:09.524Z 23cdf8f8-bef8-487f-9fa9-c3868e5517be Task timed out after 1.02 seconds\"}",
  "timestamp": 4700
}
{
  "sandboxLog": "{\"errorMessage\":\"2024-04-11T02:05:10.604Z 8efa5ff6-b92c-4a5e-8acb-73d4570951ed Task timed out after 1.02 seconds\"}",
  "lambdaLog": "{\"errorMessage\":\"2024-04-11T02:05:10.604Z 8efa5ff6-b92c-4a5e-8acb-73d4570951ed Task timed out after 1.02 seconds\"}",
  "timestamp": 4800
}
{
  "sandboxLog": "{\"errorMessage\":\"2024-04-11T02:05:11.703Z 2d261cd1-85d7-4a0a-b2a3-ba493a74cb12 Task timed out after 1.06 seconds\"}",
  "lambdaLog": "{\"errorMessage\":\"2024-04-11T02:05:11.703Z 2d261cd1-85d7-4a0a-b2a3-ba493a74cb12 Task timed out after 1.06 seconds\"}",
  "timestamp": 4900
}
{
  "sandboxLog": "{\"errorMessage\":\"2024-04-11T02:05:12.764Z 7b895572-2a78-469e-bfa7-406c0461d7b9 Task timed out after 1.04 seconds\"}",
  "lambdaLog": "{\"errorMessage\":\"2024-04-11T02:05:12.764Z 7b895572-2a78-469e-bfa7-406c0461d7b9 Task timed out after 1.04 seconds\"}",
  "timestamp": 5000
}
{
  "sandboxLog": "{\"errorMessage\":\"2024-04-11T02:05:13.825Z a98efec1-549a-4b3d-91e9-0c168d5ee219 Task timed out after 1.02 seconds\"}",
  "lambdaLog": "{\"errorMessage\":\"2024-04-11T02:05:13.825Z a98efec1-549a-4b3d-91e9-0c168d5ee219 Task timed out after 1.02 seconds\"}",
  "timestamp": 5100
}
{
  "sandboxLog": "{\"errorMessage\":\"2024-04-11T02:05:14.924Z dc81f202-2e30-4fa9-9d69-b39c8e90f884 Task timed out after 1.04 seconds\"}",
  "lambdaLog": "{\"errorMessage\":\"2024-04-11T02:05:14.924Z dc81f202-2e30-4fa9-9d69-b39c8e90f884 Task timed out after 1.04 seconds\"}",
  "timestamp": 5200
}
{
  "sandboxLog": "{\"errorMessage\":\"2024-04-11T02:05:15.985Z 49059312-e4f8-4e52-a55c-01aef86b7570 Task timed out after 1.02 seconds\"}",
  "lambdaLog": "{\"errorMessage\":\"2024-04-11T02:05:15.985Z 49059312-e4f8-4e52-a55c-01aef86b7570 Task timed out after 1.02 seconds\"}",
  "timestamp": 5300
}
{
  "sandboxLog": "{\"errorMessage\":\"2024-04-11T02:05:17.063Z 0bbc7994-71ad-4bf5-b6b1-0f14b7c332bc Task timed out after 1.02 seconds\"}",
  "lambdaLog": "{\"errorMessage\":\"2024-04-11T02:05:17.063Z 0bbc7994-71ad-4bf5-b6b1-0f14b7c332bc Task timed out after 1.02 seconds\"}",
  "timestamp": 5400
}
{
  "sandboxLog": "{\"errorMessage\":\"2024-04-11T02:05:18.244Z 94df0e5f-e5b4-4d3e-a260-dbbdde8f98e5 Task timed out after 1.06 seconds\"}",
  "lambdaLog": "{\"errorMessage\":\"2024-04-11T02:05:18.244Z 94df0e5f-e5b4-4d3e-a260-dbbdde8f98e5 Task timed out after 1.06 seconds\"}",
  "timestamp": 5500
}
{
  "sandboxLog": "{\"errorMessage\":\"2024-04-11T02:05:19.344Z c00c320e-9882-4705-83a9-b5b41a91d69f Task timed out after 1.04 seconds\"}",
  "lambdaLog": "{\"errorMessage\":\"2024-04-11T02:05:19.344Z c00c320e-9882-4705-83a9-b5b41a91d69f Task timed out after 1.04 seconds\"}",
  "timestamp": 5600
}
{
  "sandboxLog": "{\"errorMessage\":\"2024-04-11T02:05:20.524Z f24bf2ec-51c5-4c0f-a3e8-7760d68ba2a9 Task timed out after 1.12 seconds\"}",
  "lambdaLog": "{\"errorMessage\":\"2024-04-11T02:05:20.524Z f24bf2ec-51c5-4c0f-a3e8-7760d68ba2a9 Task timed out after 1.12 seconds\"}",
  "timestamp": 5700
}
{
  "sandboxLog": "{\"errorMessage\":\"2024-04-11T02:05:21.604Z 21383904-7295-48f8-9e3d-74938c9479a7 Task timed out after 1.04 seconds\"}",
  "lambdaLog": "{\"errorMessage\":\"2024-04-11T02:05:21.604Z 21383904-7295-48f8-9e3d-74938c9479a7 Task timed out after 1.04 seconds\"}",
  "timestamp": 5800
}
{
  "sandboxLog": "{\"errorMessage\":\"2024-04-11T02:05:22.704Z fb3f6581-5484-49ee-b953-c2de959c74ca Task timed out after 1.06 seconds\"}",
  "lambdaLog": "{\"errorMessage\":\"2024-04-11T02:05:22.704Z fb3f6581-5484-49ee-b953-c2de959c74ca Task timed out after 1.06 seconds\"}",
  "timestamp": 5900
}
{
  "sandboxLog": "{\"errorMessage\":\"2024-04-11T02:05:24.004Z c5515daf-cbd5-463c-9d61-1259bb454075 Task timed out after 1.10 seconds\"}",
  "lambdaLog": "{\"errorMessage\":\"2024-04-11T02:05:24.004Z c5515daf-cbd5-463c-9d61-1259bb454075 Task timed out after 1.10 seconds\"}",
  "timestamp": 6000
}
{
  "sandboxLog": "{\"errorMessage\":\"2024-04-11T02:05:25.084Z 9e935cf1-c880-4d6e-af0b-0ae07b6c8da4 Task timed out after 1.04 seconds\"}",
  "lambdaLog": "{\"errorMessage\":\"2024-04-11T02:05:25.084Z 9e935cf1-c880-4d6e-af0b-0ae07b6c8da4 Task timed out after 1.04 seconds\"}",
  "timestamp": 6100
}
{
  "sandboxLog": "{\"errorMessage\":\"2024-04-11T02:05:26.263Z 60d0eac1-b9d4-4e5d-9e46-2773a9a34eb9 Task timed out after 1.14 seconds\"}",
  "lambdaLog": "{\"errorMessage\":\"2024-04-11T02:05:26.263Z 60d0eac1-b9d4-4e5d-9e46-2773a9a34eb9 Task timed out after 1.14 seconds\"}",
  "timestamp": 6200
}
{
  "sandboxLog": "{\"errorMessage\":\"2024-04-11T02:05:27.344Z d162b242-e9cf-4d97-8447-56588a98ae27 Task timed out after 1.02 seconds\"}",
  "lambdaLog": "{\"errorMessage\":\"2024-04-11T02:05:27.344Z d162b242-e9cf-4d97-8447-56588a98ae27 Task timed out after 1.02 seconds\"}",
  "timestamp": 6300
}
{
  "sandboxLog": "{\"errorMessage\":\"2024-04-11T02:05:28.444Z 3b0fb6f8-cfec-430c-8084-5e46283723fd Task timed out after 1.04 seconds\"}",
  "lambdaLog": "{\"errorMessage\":\"2024-04-11T02:05:28.444Z 3b0fb6f8-cfec-430c-8084-5e46283723fd Task timed out after 1.04 seconds\"}",
  "timestamp": 6400
}
{
  "sandboxLog": "{\"errorMessage\":\"2024-04-11T02:05:29.584Z bc573ac8-920a-4039-9085-c9b133c40c69 Task timed out after 1.10 seconds\"}",
  "lambdaLog": "{\"errorMessage\":\"2024-04-11T02:05:29.584Z bc573ac8-920a-4039-9085-c9b133c40c69 Task timed out after 1.10 seconds\"}",
  "timestamp": 6500
}
{
  "sandboxLog": "{\"errorMessage\":\"2024-04-11T02:05:30.664Z 27ae4a68-5ba7-43df-912a-3683e5807a3d Task timed out after 1.02 seconds\"}",
  "lambdaLog": "{\"errorMessage\":\"2024-04-11T02:05:30.664Z 27ae4a68-5ba7-43df-912a-3683e5807a3d Task timed out after 1.02 seconds\"}",
  "timestamp": 6600
}
{
  "sandboxLog": "{\"errorMessage\":\"2024-04-11T02:05:31.844Z 060910ce-1c9f-4536-9878-a7f74a518b37 Task timed out after 1.12 seconds\"}",
  "lambdaLog": "{\"errorMessage\":\"2024-04-11T02:05:31.844Z 060910ce-1c9f-4536-9878-a7f74a518b37 Task timed out after 1.12 seconds\"}",
  "timestamp": 6700
}
{
  "sandboxLog": "{\"errorMessage\":\"2024-04-11T02:05:32.963Z 0a8e0510-2c6c-4bb4-9333-b8a803326d06 Task timed out after 1.08 seconds\"}",
  "lambdaLog": "{\"errorMessage\":\"2024-04-11T02:05:32.963Z 0a8e0510-2c6c-4bb4-9333-b8a803326d06 Task timed out after 1.08 seconds\"}",
  "timestamp": 6800
}
{
  "sandboxLog": "{\"errorMessage\":\"2024-04-11T02:05:34.044Z 65716358-8e60-45c6-b399-0905e881ad4d Task timed out after 1.04 seconds\"}",
  "lambdaLog": "{\"errorMessage\":\"2024-04-11T02:05:34.044Z 65716358-8e60-45c6-b399-0905e881ad4d Task timed out after 1.04 seconds\"}",
  "timestamp": 6900
}
{
  "sandboxLog": "{\"errorMessage\":\"2024-04-11T02:05:35.124Z a7c014c6-ee30-48b7-af8f-937308ba8ff3 Task timed out after 1.02 seconds\"}",
  "lambdaLog": "{\"errorMessage\":\"2024-04-11T02:05:35.124Z a7c014c6-ee30-48b7-af8f-937308ba8ff3 Task timed out after 1.02 seconds\"}",
  "timestamp": 7000
}
{
  "sandboxLog": "{\"errorMessage\":\"2024-04-11T02:05:36.264Z dfa4aaac-c24c-47fd-95cd-3b239ed26e68 Task timed out after 1.10 seconds\"}",
  "lambdaLog": "{\"errorMessage\":\"2024-04-11T02:05:36.264Z dfa4aaac-c24c-47fd-95cd-3b239ed26e68 Task timed out after 1.10 seconds\"}",
  "timestamp": 7100
}
{
  "sandboxLog": "{\"errorMessage\":\"2024-04-11T02:05:37.343Z a53a3d2f-12ee-45b1-9c04-1a0acd9ea807 Task timed out after 1.04 seconds\"}",
  "lambdaLog": "{\"errorMessage\":\"2024-04-11T02:05:37.343Z a53a3d2f-12ee-45b1-9c04-1a0acd9ea807 Task timed out after 1.04 seconds\"}",
  "timestamp": 7200
}
{
  "sandboxLog": "{\"errorMessage\":\"2024-04-11T02:05:38.423Z 82773571-afcd-4003-b08e-82346f6eb41e Task timed out after 1.04 seconds\"}",
  "lambdaLog": "{\"errorMessage\":\"2024-04-11T02:05:38.423Z 82773571-afcd-4003-b08e-82346f6eb41e Task timed out after 1.04 seconds\"}",
  "timestamp": 7300
}
{
  "sandboxLog": "{\"errorMessage\":\"2024-04-11T02:05:39.504Z 21a81ee0-33a8-4c8f-a04a-e278ab68fde4 Task timed out after 1.04 seconds\"}",
  "lambdaLog": "{\"errorMessage\":\"2024-04-11T02:05:39.504Z 21a81ee0-33a8-4c8f-a04a-e278ab68fde4 Task timed out after 1.04 seconds\"}",
  "timestamp": 7400
}
{
  "sandboxLog": "{\"errorMessage\":\"2024-04-11T02:05:40.583Z 37d899f7-2156-4e66-b3f3-5aa29ce822c9 Task timed out after 1.04 seconds\"}",
  "lambdaLog": "{\"errorMessage\":\"2024-04-11T02:05:40.583Z 37d899f7-2156-4e66-b3f3-5aa29ce822c9 Task timed out after 1.04 seconds\"}",
  "timestamp": 7500
}
{
  "sandboxLog": "{\"errorMessage\":\"2024-04-11T02:05:41.683Z ed5cd057-55cb-48e4-b832-77e592afa1fe Task timed out after 1.06 seconds\"}",
  "lambdaLog": "{\"errorMessage\":\"2024-04-11T02:05:41.683Z ed5cd057-55cb-48e4-b832-77e592afa1fe Task timed out after 1.06 seconds\"}",
  "timestamp": 7600
}
{
  "sandboxLog": "{\"errorMessage\":\"2024-04-11T02:05:42.764Z 48dcd4dd-fd8a-444f-afe1-562b7bd71540 Task timed out after 1.04 seconds\"}",
  "lambdaLog": "{\"errorMessage\":\"2024-04-11T02:05:42.764Z 48dcd4dd-fd8a-444f-afe1-562b7bd71540 Task timed out after 1.04 seconds\"}",
  "timestamp": 7700
}
{
  "sandboxLog": "{\"errorMessage\":\"2024-04-11T02:05:43.944Z 673334cd-617a-4d45-9d84-e01d80d12cef Task timed out after 1.12 seconds\"}",
  "lambdaLog": "{\"errorMessage\":\"2024-04-11T02:05:43.944Z 673334cd-617a-4d45-9d84-e01d80d12cef Task timed out after 1.12 seconds\"}",
  "timestamp": 7800
}
{
  "sandboxLog": "{\"errorMessage\":\"2024-04-11T02:05:45.123Z 753ff965-8866-4a0c-a5d5-1a9a33aefe62 Task timed out after 1.14 seconds\"}",
  "lambdaLog": "{\"errorMessage\":\"2024-04-11T02:05:45.123Z 753ff965-8866-4a0c-a5d5-1a9a33aefe62 Task timed out after 1.14 seconds\"}",
  "timestamp": 7900
}
{
  "sandboxLog": "{\"errorMessage\":\"2024-04-11T02:05:46.343Z f3678e1b-70ee-44c7-801d-fb6f9421e403 Task timed out after 1.06 seconds\"}",
  "lambdaLog": "{\"errorMessage\":\"2024-04-11T02:05:46.343Z f3678e1b-70ee-44c7-801d-fb6f9421e403 Task timed out after 1.06 seconds\"}",
  "timestamp": 8000
}
{
  "sandboxLog": "{\"errorMessage\":\"2024-04-11T02:05:47.443Z 155e0e87-11ff-4670-8f6d-0d5bc46f1c5d Task timed out after 1.06 seconds\"}",
  "lambdaLog": "{\"errorMessage\":\"2024-04-11T02:05:47.443Z 155e0e87-11ff-4670-8f6d-0d5bc46f1c5d Task timed out after 1.06 seconds\"}",
  "timestamp": 8100
}
{
  "sandboxLog": "{\"errorMessage\":\"2024-04-11T02:05:48.504Z 6f137d4e-2310-4015-84e2-aa88d70b827c Task timed out after 1.04 seconds\"}",
  "lambdaLog": "{\"errorMessage\":\"2024-04-11T02:05:48.504Z 6f137d4e-2310-4015-84e2-aa88d70b827c Task timed out after 1.04 seconds\"}",
  "timestamp": 8200
}
{
  "sandboxLog": "{\"errorMessage\":\"2024-04-11T02:05:49.564Z cad0b8d6-6042-41be-bcf7-16b6c8637bc8 Task timed out after 1.02 seconds\"}",
  "lambdaLog": "{\"errorMessage\":\"2024-04-11T02:05:49.564Z cad0b8d6-6042-41be-bcf7-16b6c8637bc8 Task timed out after 1.02 seconds\"}",
  "timestamp": 8300
}
{
  "sandboxLog": "{\"errorMessage\":\"2024-04-11T02:05:50.664Z 61e34e8e-0ed4-4672-bf06-401a3fd22575 Task timed out after 1.05 seconds\"}",
  "lambdaLog": "{\"errorMessage\":\"2024-04-11T02:05:50.664Z 61e34e8e-0ed4-4672-bf06-401a3fd22575 Task timed out after 1.05 seconds\"}",
  "timestamp": 8400
}
{
  "sandboxLog": "{\"errorMessage\":\"2024-04-11T02:05:51.823Z 51c8a777-3644-4961-85a0-3b74e3bcd439 Task timed out after 1.12 seconds\"}",
  "lambdaLog": "{\"errorMessage\":\"2024-04-11T02:05:51.823Z 51c8a777-3644-4961-85a0-3b74e3bcd439 Task timed out after 1.12 seconds\"}",
  "timestamp": 8500
}
{
  "sandboxLog": "{\"errorMessage\":\"2024-04-11T02:05:52.903Z 4282404a-3c30-4cca-8e5f-6ea85aa70d40 Task timed out after 1.06 seconds\"}",
  "lambdaLog": "{\"errorMessage\":\"2024-04-11T02:05:52.903Z 4282404a-3c30-4cca-8e5f-6ea85aa70d40 Task timed out after 1.06 seconds\"}",
  "timestamp": 8600
}
{
  "sandboxLog": "{\"errorMessage\":\"2024-04-11T02:05:53.983Z b0915ced-b42a-4999-8ef2-29450dac104a Task timed out after 1.04 seconds\"}",
  "lambdaLog": "{\"errorMessage\":\"2024-04-11T02:05:53.983Z b0915ced-b42a-4999-8ef2-29450dac104a Task timed out after 1.04 seconds\"}",
  "timestamp": 8700
}
{
  "sandboxLog": "{\"errorMessage\":\"2024-04-11T02:05:55.064Z d99210f5-affa-4cc4-b8f8-d423ead435c4 Task timed out after 1.04 seconds\"}",
  "lambdaLog": "{\"errorMessage\":\"2024-04-11T02:05:55.064Z d99210f5-affa-4cc4-b8f8-d423ead435c4 Task timed out after 1.04 seconds\"}",
  "timestamp": 8800
}
{
  "sandboxLog": "{\"errorMessage\":\"2024-04-11T02:05:56.163Z 44fa4428-05d5-4e35-9e31-f9e764d5f172 Task timed out after 1.04 seconds\"}",
  "lambdaLog": "{\"errorMessage\":\"2024-04-11T02:05:56.163Z 44fa4428-05d5-4e35-9e31-f9e764d5f172 Task timed out after 1.04 seconds\"}",
  "timestamp": 8900
}
{
  "sandboxLog": "{\"errorMessage\":\"2024-04-11T02:05:57.243Z 189b251c-ba00-453e-99c7-5b6fecc50a49 Task timed out after 1.04 seconds\"}",
  "lambdaLog": "{\"errorMessage\":\"2024-04-11T02:05:57.243Z 189b251c-ba00-453e-99c7-5b6fecc50a49 Task timed out after 1.04 seconds\"}",
  "timestamp": 9000
}
{
  "sandboxLog": "{\"errorMessage\":\"2024-04-11T02:05:58.304Z ba87509a-b330-49f5-9128-e4eda4e498b7 Task timed out after 1.02 seconds\"}",
  "lambdaLog": "{\"errorMessage\":\"2024-04-11T02:05:58.304Z ba87509a-b330-49f5-9128-e4eda4e498b7 Task timed out after 1.02 seconds\"}",
  "timestamp": 9100
}
{
  "sandboxLog": "{\"errorMessage\":\"2024-04-11T02:05:59.403Z 6aee212c-3dc3-47dd-8688-a5e58816d83f Task timed out after 1.04 seconds\"}",
  "lambdaLog": "{\"errorMessage\":\"2024-04-11T02:05:59.403Z 6aee212c-3dc3-47dd-8688-a5e58816d83f Task timed out after 1.04 seconds\"}",
  "timestamp": 9200
}
{
  "sandboxLog": "{\"errorMessage\":\"2024-04-11T02:06:00.484Z e148a6ff-a2bd-413a-9b02-aa37f78aebee Task timed out after 1.04 seconds\"}",
  "lambdaLog": "{\"errorMessage\":\"2024-04-11T02:06:00.484Z e148a6ff-a2bd-413a-9b02-aa37f78aebee Task timed out after 1.04 seconds\"}",
  "timestamp": 9300
}
{
  "sandboxLog": "{\"errorMessage\":\"2024-04-11T02:06:01.623Z 0c0ccd38-53d7-4387-a63b-f934a3be658e Task timed out after 1.08 seconds\"}",
  "lambdaLog": "{\"errorMessage\":\"2024-04-11T02:06:01.623Z 0c0ccd38-53d7-4387-a63b-f934a3be658e Task timed out after 1.08 seconds\"}",
  "timestamp": 9400
}
{
  "sandboxLog": "{\"errorMessage\":\"2024-04-11T02:06:02.703Z 6e509fdc-0375-4f33-b4d5-a0e3dbc0f9cd Task timed out after 1.06 seconds\"}",
  "lambdaLog": "{\"errorMessage\":\"2024-04-11T02:06:02.703Z 6e509fdc-0375-4f33-b4d5-a0e3dbc0f9cd Task timed out after 1.06 seconds\"}",
  "timestamp": 9500
}
{
  "sandboxLog": "{\"errorMessage\":\"2024-04-11T02:06:03.746Z b89772ed-44ac-4e81-a63e-8d893801524b Task timed out after 1.00 seconds\"}",
  "lambdaLog": "{\"errorMessage\":\"2024-04-11T02:06:03.746Z b89772ed-44ac-4e81-a63e-8d893801524b Task timed out after 1.00 seconds\"}",
  "timestamp": 9600
}
{
  "sandboxLog": "{\"errorMessage\":\"2024-04-11T02:06:04.903Z c8f94184-5163-4e89-b00d-1517d36732ea Task timed out after 1.06 seconds\"}",
  "lambdaLog": "{\"errorMessage\":\"2024-04-11T02:06:04.903Z c8f94184-5163-4e89-b00d-1517d36732ea Task timed out after 1.06 seconds\"}",
  "timestamp": 9700
}
{
  "sandboxLog": "{\"errorMessage\":\"2024-04-11T02:06:05.984Z 16577ecc-6fba-4ef5-b713-ffa2acd31332 Task timed out after 1.04 seconds\"}",
  "lambdaLog": "{\"errorMessage\":\"2024-04-11T02:06:05.984Z 16577ecc-6fba-4ef5-b713-ffa2acd31332 Task timed out after 1.04 seconds\"}",
  "timestamp": 9800
}
{
  "sandboxLog": "{\"errorMessage\":\"2024-04-11T02:06:07.143Z 2b98ad39-8b7a-433b-a395-19f91b4a60d9 Task timed out after 1.12 seconds\"}",
  "lambdaLog": "{\"errorMessage\":\"2024-04-11T02:06:07.143Z 2b98ad39-8b7a-433b-a395-19f91b4a60d9 Task timed out after 1.12 seconds\"}",
  "timestamp": 9900
}
{
  "sandboxLog": "{\"errorMessage\":\"2024-04-11T02:06:08.383Z 028a9f78-731a-4a5f-986a-9b5e95346ac3 Task timed out after 1.18 seconds\"}",
  "lambdaLog": "{\"errorMessage\":\"2024-04-11T02:06:08.383Z 028a9f78-731a-4a5f-986a-9b5e95346ac3 Task timed out after 1.18 seconds\"}",
  "timestamp": 10000
}
{
  "sandboxLog": "Lambda errors have reached maximum value for submission d149987d-f8d2-413e-98c6-63f89d14b28d",
  "lambdaLog": null,
  "timestamp": 112586
}



Activities log:
day;timestamp;product;bid_price_1;bid_volume_1;bid_price_2;bid_volume_2;bid_price_3;bid_volume_3;ask_price_1;ask_volume_1;ask_price_2;ask_volume_2;ask_price_3;ask_volume_3;mid_price;profit_and_loss




Trade History:
null