Sandbox logs:
{
  "sandboxLog": "{\"errorMessage\":\"2024-04-11T02:17:35.567Z 7c828629-a7f6-4c7c-bd1a-e11e31a2994a Task timed out after 1.01 seconds\"}",
  "lambdaLog": "{\"errorMessage\":\"2024-04-11T02:17:35.567Z 7c828629-a7f6-4c7c-bd1a-e11e31a2994a Task timed out after 1.01 seconds\"}",
  "timestamp": 0
}
{
  "sandboxLog": "{\"errorMessage\":\"2024-04-11T02:17:36.809Z dcd1974f-3977-4a63-90a8-3ebfd8848db9 Task timed out after 1.00 seconds\"}",
  "lambdaLog": "{\"errorMessage\":\"2024-04-11T02:17:36.809Z dcd1974f-3977-4a63-90a8-3ebfd8848db9 Task timed out after 1.00 seconds\"}",
  "timestamp": 100
}
{
  "sandboxLog": "{\"errorMessage\":\"2024-04-11T02:17:37.965Z c242923b-76a9-4df5-a3ac-ba42aca5b0e8 Task timed out after 1.06 seconds\"}",
  "lambdaLog": "{\"errorMessage\":\"2024-04-11T02:17:37.965Z c242923b-76a9-4df5-a3ac-ba42aca5b0e8 Task timed out after 1.06 seconds\"}",
  "timestamp": 200
}
{
  "sandboxLog": "{\"errorMessage\":\"2024-04-11T02:17:39.205Z 66d2370e-acdd-4e32-8568-9036014ce285 Task timed out after 1.04 seconds\"}",
  "lambdaLog": "{\"errorMessage\":\"2024-04-11T02:17:39.205Z 66d2370e-acdd-4e32-8568-9036014ce285 Task timed out after 1.04 seconds\"}",
  "timestamp": 300
}
{
  "sandboxLog": "{\"errorMessage\":\"2024-04-11T02:17:40.306Z b2088e3f-154e-4393-aba5-3b22146e5b9b Task timed out after 1.05 seconds\"}",
  "lambdaLog": "{\"errorMessage\":\"2024-04-11T02:17:40.306Z b2088e3f-154e-4393-aba5-3b22146e5b9b Task timed out after 1.05 seconds\"}",
  "timestamp": 400
}
{
  "sandboxLog": "{\"errorMessage\":\"2024-04-11T02:17:41.466Z ca6c6d45-f925-4e15-a207-266114a36f39 Task timed out after 1.10 seconds\"}",
  "lambdaLog": "{\"errorMessage\":\"2024-04-11T02:17:41.466Z ca6c6d45-f925-4e15-a207-266114a36f39 Task timed out after 1.10 seconds\"}",
  "timestamp": 500
}
{
  "sandboxLog": "{\"errorMessage\":\"2024-04-11T02:17:42.625Z 726c916f-9e27-44ff-9241-5e3c5fada5d4 Task timed out after 1.12 seconds\"}",
  "lambdaLog": "{\"errorMessage\":\"2024-04-11T02:17:42.625Z 726c916f-9e27-44ff-9241-5e3c5fada5d4 Task timed out after 1.12 seconds\"}",
  "timestamp": 600
}
{
  "sandboxLog": "{\"errorMessage\":\"2024-04-11T02:17:43.866Z 619911db-53cc-485c-b445-0553295affa0 Task timed out after 1.04 seconds\"}",
  "lambdaLog": "{\"errorMessage\":\"2024-04-11T02:17:43.866Z 619911db-53cc-485c-b445-0553295affa0 Task timed out after 1.04 seconds\"}",
  "timestamp": 700
}
{
  "sandboxLog": "{\"errorMessage\":\"2024-04-11T02:17:45.005Z 4557189f-e046-4304-abd2-3c9e003aa4eb Task timed out after 1.10 seconds\"}",
  "lambdaLog": "{\"errorMessage\":\"2024-04-11T02:17:45.005Z 4557189f-e046-4304-abd2-3c9e003aa4eb Task timed out after 1.10 seconds\"}",
  "timestamp": 800
}
{
  "sandboxLog": "{\"errorMessage\":\"2024-04-11T02:17:46.266Z 1b98174f-dcc0-421d-8cf6-1781fa06f4ed Task timed out after 1.22 seconds\"}",
  "lambdaLog": "{\"errorMessage\":\"2024-04-11T02:17:46.266Z 1b98174f-dcc0-421d-8cf6-1781fa06f4ed Task timed out after 1.22 seconds\"}",
  "timestamp": 900
}
{
  "sandboxLog": "{\"errorMessage\":\"2024-04-11T02:17:47.406Z 476d267f-f727-4816-8539-69cc0e29cc0b Task timed out after 1.10 seconds\"}",
  "lambdaLog": "{\"errorMessage\":\"2024-04-11T02:17:47.406Z 476d267f-f727-4816-8539-69cc0e29cc0b Task timed out after 1.10 seconds\"}",
  "timestamp": 1000
}
{
  "sandboxLog": "{\"errorMessage\":\"2024-04-11T02:17:48.505Z 4368f558-ced5-4814-9d1f-eeb280dbb7dc Task timed out after 1.06 seconds\"}",
  "lambdaLog": "{\"errorMessage\":\"2024-04-11T02:17:48.505Z 4368f558-ced5-4814-9d1f-eeb280dbb7dc Task timed out after 1.06 seconds\"}",
  "timestamp": 1100
}
{
  "sandboxLog": "{\"errorMessage\":\"2024-04-11T02:17:49.586Z 7eca5eb1-8a76-4d16-89e4-9cdb1ffb90ad Task timed out after 1.04 seconds\"}",
  "lambdaLog": "{\"errorMessage\":\"2024-04-11T02:17:49.586Z 7eca5eb1-8a76-4d16-89e4-9cdb1ffb90ad Task timed out after 1.04 seconds\"}",
  "timestamp": 1200
}
{
  "sandboxLog": "{\"errorMessage\":\"2024-04-11T02:17:50.725Z d6a04c4d-8da2-4356-9a7c-587c51b983db Task timed out after 1.10 seconds\"}",
  "lambdaLog": "{\"errorMessage\":\"2024-04-11T02:17:50.725Z d6a04c4d-8da2-4356-9a7c-587c51b983db Task timed out after 1.10 seconds\"}",
  "timestamp": 1300
}
{
  "sandboxLog": "{\"errorMessage\":\"2024-04-11T02:17:51.826Z bd4d5deb-6662-465c-908e-574081beb31b Task timed out after 1.06 seconds\"}",
  "lambdaLog": "{\"errorMessage\":\"2024-04-11T02:17:51.826Z bd4d5deb-6662-465c-908e-574081beb31b Task timed out after 1.06 seconds\"}",
  "timestamp": 1400
}
{
  "sandboxLog": "{\"errorMessage\":\"2024-04-11T02:17:53.085Z d0465644-fd74-49a4-a5d4-91304198e8cf Task timed out after 1.04 seconds\"}",
  "lambdaLog": "{\"errorMessage\":\"2024-04-11T02:17:53.085Z d0465644-fd74-49a4-a5d4-91304198e8cf Task timed out after 1.04 seconds\"}",
  "timestamp": 1500
}
{
  "sandboxLog": "{\"errorMessage\":\"2024-04-11T02:17:54.186Z 78fb7d29-9243-4853-9daa-87aa76787839 Task timed out after 1.06 seconds\"}",
  "lambdaLog": "{\"errorMessage\":\"2024-04-11T02:17:54.186Z 78fb7d29-9243-4853-9daa-87aa76787839 Task timed out after 1.06 seconds\"}",
  "timestamp": 1600
}
{
  "sandboxLog": "{\"errorMessage\":\"2024-04-11T02:17:55.286Z 785db1d0-716d-4723-ae5c-0c3713d7c088 Task timed out after 1.04 seconds\"}",
  "lambdaLog": "{\"errorMessage\":\"2024-04-11T02:17:55.286Z 785db1d0-716d-4723-ae5c-0c3713d7c088 Task timed out after 1.04 seconds\"}",
  "timestamp": 1700
}
{
  "sandboxLog": "{\"errorMessage\":\"2024-04-11T02:17:56.366Z 241a55d8-3852-476c-8393-736143f99ed5 Task timed out after 1.04 seconds\"}",
  "lambdaLog": "{\"errorMessage\":\"2024-04-11T02:17:56.366Z 241a55d8-3852-476c-8393-736143f99ed5 Task timed out after 1.04 seconds\"}",
  "timestamp": 1800
}
{
  "sandboxLog": "{\"errorMessage\":\"2024-04-11T02:17:57.525Z c0729603-7c52-4ff3-b929-f162220d25cc Task timed out after 1.10 seconds\"}",
  "lambdaLog": "{\"errorMessage\":\"2024-04-11T02:17:57.525Z c0729603-7c52-4ff3-b929-f162220d25cc Task timed out after 1.10 seconds\"}",
  "timestamp": 1900
}
{
  "sandboxLog": "{\"errorMessage\":\"2024-04-11T02:17:58.625Z 19b17aa0-e90b-4ca3-8592-6f80f6bf956c Task timed out after 1.06 seconds\"}",
  "lambdaLog": "{\"errorMessage\":\"2024-04-11T02:17:58.625Z 19b17aa0-e90b-4ca3-8592-6f80f6bf956c Task timed out after 1.06 seconds\"}",
  "timestamp": 2000
}
{
  "sandboxLog": "{\"errorMessage\":\"2024-04-11T02:17:59.706Z ebea9aba-444f-4dd5-b6ba-e1f2b062a639 Task timed out after 1.04 seconds\"}",
  "lambdaLog": "{\"errorMessage\":\"2024-04-11T02:17:59.706Z ebea9aba-444f-4dd5-b6ba-e1f2b062a639 Task timed out after 1.04 seconds\"}",
  "timestamp": 2100
}
{
  "sandboxLog": "{\"errorMessage\":\"2024-04-11T02:18:00.786Z f9564795-972e-4dc7-a39e-9624c95e87de Task timed out after 1.04 seconds\"}",
  "lambdaLog": "{\"errorMessage\":\"2024-04-11T02:18:00.786Z f9564795-972e-4dc7-a39e-9624c95e87de Task timed out after 1.04 seconds\"}",
  "timestamp": 2200
}
{
  "sandboxLog": "{\"errorMessage\":\"2024-04-11T02:18:01.866Z b498cc24-cf28-45fe-b49a-ace4eafbdba0 Task timed out after 1.04 seconds\"}",
  "lambdaLog": "{\"errorMessage\":\"2024-04-11T02:18:01.866Z b498cc24-cf28-45fe-b49a-ace4eafbdba0 Task timed out after 1.04 seconds\"}",
  "timestamp": 2300
}
{
  "sandboxLog": "{\"errorMessage\":\"2024-04-11T02:18:02.946Z 3eceb886-a5ef-4cc7-8311-f7dd43f3f8ce Task timed out after 1.04 seconds\"}",
  "lambdaLog": "{\"errorMessage\":\"2024-04-11T02:18:02.946Z 3eceb886-a5ef-4cc7-8311-f7dd43f3f8ce Task timed out after 1.04 seconds\"}",
  "timestamp": 2400
}
{
  "sandboxLog": "{\"errorMessage\":\"2024-04-11T02:18:04.165Z b23fcb31-e026-47ed-9b75-e6547b84e4a8 Task timed out after 1.18 seconds\"}",
  "lambdaLog": "{\"errorMessage\":\"2024-04-11T02:18:04.165Z b23fcb31-e026-47ed-9b75-e6547b84e4a8 Task timed out after 1.18 seconds\"}",
  "timestamp": 2500
}
{
  "sandboxLog": "{\"errorMessage\":\"2024-04-11T02:18:05.266Z e4497220-fddf-4c50-8770-619b71685554 Task timed out after 1.08 seconds\"}",
  "lambdaLog": "{\"errorMessage\":\"2024-04-11T02:18:05.266Z e4497220-fddf-4c50-8770-619b71685554 Task timed out after 1.08 seconds\"}",
  "timestamp": 2600
}
{
  "sandboxLog": "{\"errorMessage\":\"2024-04-11T02:18:06.386Z addd1b96-03b3-4e8b-a5df-75a1b88db44a Task timed out after 1.06 seconds\"}",
  "lambdaLog": "{\"errorMessage\":\"2024-04-11T02:18:06.386Z addd1b96-03b3-4e8b-a5df-75a1b88db44a Task timed out after 1.06 seconds\"}",
  "timestamp": 2700
}
{
  "sandboxLog": "{\"errorMessage\":\"2024-04-11T02:18:07.446Z 4d2f99de-c7ad-4cb8-8608-f641cc693459 Task timed out after 1.02 seconds\"}",
  "lambdaLog": "{\"errorMessage\":\"2024-04-11T02:18:07.446Z 4d2f99de-c7ad-4cb8-8608-f641cc693459 Task timed out after 1.02 seconds\"}",
  "timestamp": 2800
}
{
  "sandboxLog": "{\"errorMessage\":\"2024-04-11T02:18:08.765Z 3bc70302-6429-44b9-b2fc-f76f9e18e294 Task timed out after 1.08 seconds\"}",
  "lambdaLog": "{\"errorMessage\":\"2024-04-11T02:18:08.765Z 3bc70302-6429-44b9-b2fc-f76f9e18e294 Task timed out after 1.08 seconds\"}",
  "timestamp": 2900
}
{
  "sandboxLog": "{\"errorMessage\":\"2024-04-11T02:18:10.025Z 8f64b5c4-9ebd-4a6c-ae8d-e7a2dcc52343 Task timed out after 1.04 seconds\"}",
  "lambdaLog": "{\"errorMessage\":\"2024-04-11T02:18:10.025Z 8f64b5c4-9ebd-4a6c-ae8d-e7a2dcc52343 Task timed out after 1.04 seconds\"}",
  "timestamp": 3000
}
{
  "sandboxLog": "{\"errorMessage\":\"2024-04-11T02:18:11.185Z 3fd5f645-48f8-42e3-b000-4b9aeae2281f Task timed out after 1.12 seconds\"}",
  "lambdaLog": "{\"errorMessage\":\"2024-04-11T02:18:11.185Z 3fd5f645-48f8-42e3-b000-4b9aeae2281f Task timed out after 1.12 seconds\"}",
  "timestamp": 3100
}
{
  "sandboxLog": "{\"errorMessage\":\"2024-04-11T02:18:12.285Z d4beae20-ecca-48a3-bd8e-e20c2fd5bcc9 Task timed out after 1.06 seconds\"}",
  "lambdaLog": "{\"errorMessage\":\"2024-04-11T02:18:12.285Z d4beae20-ecca-48a3-bd8e-e20c2fd5bcc9 Task timed out after 1.06 seconds\"}",
  "timestamp": 3200
}
{
  "sandboxLog": "{\"errorMessage\":\"2024-04-11T02:18:13.366Z ad87b1d6-1e16-420f-a745-fadeaf5bdca8 Task timed out after 1.04 seconds\"}",
  "lambdaLog": "{\"errorMessage\":\"2024-04-11T02:18:13.366Z ad87b1d6-1e16-420f-a745-fadeaf5bdca8 Task timed out after 1.04 seconds\"}",
  "timestamp": 3300
}
{
  "sandboxLog": "{\"errorMessage\":\"2024-04-11T02:18:14.626Z 1d6e6e1e-3683-4905-8d01-a64f7fe6b0fb Task timed out after 1.05 seconds\"}",
  "lambdaLog": "{\"errorMessage\":\"2024-04-11T02:18:14.626Z 1d6e6e1e-3683-4905-8d01-a64f7fe6b0fb Task timed out after 1.05 seconds\"}",
  "timestamp": 3400
}
{
  "sandboxLog": "{\"errorMessage\":\"2024-04-11T02:18:15.687Z da46e4ba-197b-4d17-ab5f-dc4cf278ec0c Task timed out after 1.02 seconds\"}",
  "lambdaLog": "{\"errorMessage\":\"2024-04-11T02:18:15.687Z da46e4ba-197b-4d17-ab5f-dc4cf278ec0c Task timed out after 1.02 seconds\"}",
  "timestamp": 3500
}
{
  "sandboxLog": "{\"errorMessage\":\"2024-04-11T02:18:16.785Z bff9dd9e-acd4-4186-9c8b-230bb2ae61ea Task timed out after 1.04 seconds\"}",
  "lambdaLog": "{\"errorMessage\":\"2024-04-11T02:18:16.785Z bff9dd9e-acd4-4186-9c8b-230bb2ae61ea Task timed out after 1.04 seconds\"}",
  "timestamp": 3600
}
{
  "sandboxLog": "{\"errorMessage\":\"2024-04-11T02:18:17.826Z 225f9097-d54b-484e-b73a-77013aa7247b Task timed out after 1.00 seconds\"}",
  "lambdaLog": "{\"errorMessage\":\"2024-04-11T02:18:17.826Z 225f9097-d54b-484e-b73a-77013aa7247b Task timed out after 1.00 seconds\"}",
  "timestamp": 3700
}
{
  "sandboxLog": "{\"errorMessage\":\"2024-04-11T02:18:18.925Z 4c3ee412-85c9-4003-8cab-e97bcc54e09d Task timed out after 1.06 seconds\"}",
  "lambdaLog": "{\"errorMessage\":\"2024-04-11T02:18:18.925Z 4c3ee412-85c9-4003-8cab-e97bcc54e09d Task timed out after 1.06 seconds\"}",
  "timestamp": 3800
}
{
  "sandboxLog": "{\"errorMessage\":\"2024-04-11T02:18:20.065Z 80294690-54b0-43fd-8524-0297031673af Task timed out after 1.06 seconds\"}",
  "lambdaLog": "{\"errorMessage\":\"2024-04-11T02:18:20.065Z 80294690-54b0-43fd-8524-0297031673af Task timed out after 1.06 seconds\"}",
  "timestamp": 3900
}
{
  "sandboxLog": "{\"errorMessage\":\"2024-04-11T02:18:21.166Z 905d7f2a-21f1-460f-b93c-349b6dedc45a Task timed out after 1.06 seconds\"}",
  "lambdaLog": "{\"errorMessage\":\"2024-04-11T02:18:21.166Z 905d7f2a-21f1-460f-b93c-349b6dedc45a Task timed out after 1.06 seconds\"}",
  "timestamp": 4000
}
{
  "sandboxLog": "{\"errorMessage\":\"2024-04-11T02:18:22.226Z e75134e0-6a90-4d4d-8235-3f21d1274c80 Task timed out after 1.02 seconds\"}",
  "lambdaLog": "{\"errorMessage\":\"2024-04-11T02:18:22.226Z e75134e0-6a90-4d4d-8235-3f21d1274c80 Task timed out after 1.02 seconds\"}",
  "timestamp": 4100
}
{
  "sandboxLog": "{\"errorMessage\":\"2024-04-11T02:18:23.267Z 1bd1475d-93cc-455c-80e8-d7d31cdfa820 Task timed out after 1.00 seconds\"}",
  "lambdaLog": "{\"errorMessage\":\"2024-04-11T02:18:23.267Z 1bd1475d-93cc-455c-80e8-d7d31cdfa820 Task timed out after 1.00 seconds\"}",
  "timestamp": 4200
}
{
  "sandboxLog": "{\"errorMessage\":\"2024-04-11T02:18:24.365Z 106cd6f0-9940-49ec-9194-170c788dc19d Task timed out after 1.04 seconds\"}",
  "lambdaLog": "{\"errorMessage\":\"2024-04-11T02:18:24.365Z 106cd6f0-9940-49ec-9194-170c788dc19d Task timed out after 1.04 seconds\"}",
  "timestamp": 4300
}
{
  "sandboxLog": "{\"errorMessage\":\"2024-04-11T02:18:25.466Z 33ad4ef8-a8ca-41ff-aaa8-edc53b489720 Task timed out after 1.06 seconds\"}",
  "lambdaLog": "{\"errorMessage\":\"2024-04-11T02:18:25.466Z 33ad4ef8-a8ca-41ff-aaa8-edc53b489720 Task timed out after 1.06 seconds\"}",
  "timestamp": 4400
}
{
  "sandboxLog": "{\"errorMessage\":\"2024-04-11T02:18:26.565Z 0a3bd3f0-0b5b-4a49-8d34-78391b45c8d8 Task timed out after 1.06 seconds\"}",
  "lambdaLog": "{\"errorMessage\":\"2024-04-11T02:18:26.565Z 0a3bd3f0-0b5b-4a49-8d34-78391b45c8d8 Task timed out after 1.06 seconds\"}",
  "timestamp": 4500
}
{
  "sandboxLog": "{\"errorMessage\":\"2024-04-11T02:18:27.645Z 597df3ed-b93c-4b59-bc06-65b53cbe0cb0 Task timed out after 1.04 seconds\"}",
  "lambdaLog": "{\"errorMessage\":\"2024-04-11T02:18:27.645Z 597df3ed-b93c-4b59-bc06-65b53cbe0cb0 Task timed out after 1.04 seconds\"}",
  "timestamp": 4600
}
{
  "sandboxLog": "{\"errorMessage\":\"2024-04-11T02:18:28.746Z cf3e5367-8acf-4d24-a56c-c289ada24ce8 Task timed out after 1.05 seconds\"}",
  "lambdaLog": "{\"errorMessage\":\"2024-04-11T02:18:28.746Z cf3e5367-8acf-4d24-a56c-c289ada24ce8 Task timed out after 1.05 seconds\"}",
  "timestamp": 4700
}
{
  "sandboxLog": "{\"errorMessage\":\"2024-04-11T02:18:29.845Z 3365d978-9017-4555-98b2-6ab73aec021a Task timed out after 1.06 seconds\"}",
  "lambdaLog": "{\"errorMessage\":\"2024-04-11T02:18:29.845Z 3365d978-9017-4555-98b2-6ab73aec021a Task timed out after 1.06 seconds\"}",
  "timestamp": 4800
}
{
  "sandboxLog": "{\"errorMessage\":\"2024-04-11T02:18:30.925Z aa287fdb-c721-41ec-8071-ac75481efdde Task timed out after 1.04 seconds\"}",
  "lambdaLog": "{\"errorMessage\":\"2024-04-11T02:18:30.925Z aa287fdb-c721-41ec-8071-ac75481efdde Task timed out after 1.04 seconds\"}",
  "timestamp": 4900
}
{
  "sandboxLog": "{\"errorMessage\":\"2024-04-11T02:18:32.106Z a4a3658c-362f-4a73-9f4f-c59a4c715e57 Task timed out after 1.14 seconds\"}",
  "lambdaLog": "{\"errorMessage\":\"2024-04-11T02:18:32.106Z a4a3658c-362f-4a73-9f4f-c59a4c715e57 Task timed out after 1.14 seconds\"}",
  "timestamp": 5000
}
{
  "sandboxLog": "{\"errorMessage\":\"2024-04-11T02:18:33.185Z 2249633c-c769-4557-b397-82b1a98d7eb1 Task timed out after 1.04 seconds\"}",
  "lambdaLog": "{\"errorMessage\":\"2024-04-11T02:18:33.185Z 2249633c-c769-4557-b397-82b1a98d7eb1 Task timed out after 1.04 seconds\"}",
  "timestamp": 5100
}
{
  "sandboxLog": "{\"errorMessage\":\"2024-04-11T02:18:34.266Z 23551140-5ff7-4af5-b984-adeb6fe5e1c2 Task timed out after 1.04 seconds\"}",
  "lambdaLog": "{\"errorMessage\":\"2024-04-11T02:18:34.266Z 23551140-5ff7-4af5-b984-adeb6fe5e1c2 Task timed out after 1.04 seconds\"}",
  "timestamp": 5200
}
{
  "sandboxLog": "{\"errorMessage\":\"2024-04-11T02:18:35.365Z 4089cd48-6893-4503-a085-e4335436e2bc Task timed out after 1.06 seconds\"}",
  "lambdaLog": "{\"errorMessage\":\"2024-04-11T02:18:35.365Z 4089cd48-6893-4503-a085-e4335436e2bc Task timed out after 1.06 seconds\"}",
  "timestamp": 5300
}
{
  "sandboxLog": "{\"errorMessage\":\"2024-04-11T02:18:36.545Z fe529246-0ee2-4fc8-b0ca-07ce969854b9 Task timed out after 1.07 seconds\"}",
  "lambdaLog": "{\"errorMessage\":\"2024-04-11T02:18:36.545Z fe529246-0ee2-4fc8-b0ca-07ce969854b9 Task timed out after 1.07 seconds\"}",
  "timestamp": 5400
}
{
  "sandboxLog": "{\"errorMessage\":\"2024-04-11T02:18:37.626Z f6828371-95ac-41d5-9098-1ca1154d5442 Task timed out after 1.04 seconds\"}",
  "lambdaLog": "{\"errorMessage\":\"2024-04-11T02:18:37.626Z f6828371-95ac-41d5-9098-1ca1154d5442 Task timed out after 1.04 seconds\"}",
  "timestamp": 5500
}
{
  "sandboxLog": "{\"errorMessage\":\"2024-04-11T02:18:38.725Z df2548b3-40c1-45bf-b119-f540e1c810eb Task timed out after 1.06 seconds\"}",
  "lambdaLog": "{\"errorMessage\":\"2024-04-11T02:18:38.725Z df2548b3-40c1-45bf-b119-f540e1c810eb Task timed out after 1.06 seconds\"}",
  "timestamp": 5600
}
{
  "sandboxLog": "{\"errorMessage\":\"2024-04-11T02:18:40.147Z 152d5f2a-c51d-4a2a-83d1-071491df2374 Task timed out after 1.02 seconds\"}",
  "lambdaLog": "{\"errorMessage\":\"2024-04-11T02:18:40.147Z 152d5f2a-c51d-4a2a-83d1-071491df2374 Task timed out after 1.02 seconds\"}",
  "timestamp": 5700
}
{
  "sandboxLog": "{\"errorMessage\":\"2024-04-11T02:18:41.266Z de376390-052d-4060-b470-6c76a03f9197 Task timed out after 1.06 seconds\"}",
  "lambdaLog": "{\"errorMessage\":\"2024-04-11T02:18:41.266Z de376390-052d-4060-b470-6c76a03f9197 Task timed out after 1.06 seconds\"}",
  "timestamp": 5800
}
{
  "sandboxLog": "{\"errorMessage\":\"2024-04-11T02:18:42.546Z 5d8c7aed-c574-4c58-95f6-d661d7ecf425 Task timed out after 1.06 seconds\"}",
  "lambdaLog": "{\"errorMessage\":\"2024-04-11T02:18:42.546Z 5d8c7aed-c574-4c58-95f6-d661d7ecf425 Task timed out after 1.06 seconds\"}",
  "timestamp": 5900
}
{
  "sandboxLog": "{\"errorMessage\":\"2024-04-11T02:18:43.626Z 051a69b7-89d6-4de2-baf2-dbece3c7e82c Task timed out after 1.04 seconds\"}",
  "lambdaLog": "{\"errorMessage\":\"2024-04-11T02:18:43.626Z 051a69b7-89d6-4de2-baf2-dbece3c7e82c Task timed out after 1.04 seconds\"}",
  "timestamp": 6000
}
{
  "sandboxLog": "{\"errorMessage\":\"2024-04-11T02:18:44.726Z 92d60f38-d252-414d-9adf-8f4ecdd9259b Task timed out after 1.06 seconds\"}",
  "lambdaLog": "{\"errorMessage\":\"2024-04-11T02:18:44.726Z 92d60f38-d252-414d-9adf-8f4ecdd9259b Task timed out after 1.06 seconds\"}",
  "timestamp": 6100
}
{
  "sandboxLog": "{\"errorMessage\":\"2024-04-11T02:18:45.826Z 80a9adb1-9177-4e43-bb09-62a436e4a404 Task timed out after 1.06 seconds\"}",
  "lambdaLog": "{\"errorMessage\":\"2024-04-11T02:18:45.826Z 80a9adb1-9177-4e43-bb09-62a436e4a404 Task timed out after 1.06 seconds\"}",
  "timestamp": 6200
}
{
  "sandboxLog": "{\"errorMessage\":\"2024-04-11T02:18:46.946Z a54ddbd8-b6ff-4693-b967-dca0de48916c Task timed out after 1.06 seconds\"}",
  "lambdaLog": "{\"errorMessage\":\"2024-04-11T02:18:46.946Z a54ddbd8-b6ff-4693-b967-dca0de48916c Task timed out after 1.06 seconds\"}",
  "timestamp": 6300
}
{
  "sandboxLog": "{\"errorMessage\":\"2024-04-11T02:18:48.046Z 3ffb52d9-1ad7-4c9a-9e89-a6d434f35f47 Task timed out after 1.05 seconds\"}",
  "lambdaLog": "{\"errorMessage\":\"2024-04-11T02:18:48.046Z 3ffb52d9-1ad7-4c9a-9e89-a6d434f35f47 Task timed out after 1.05 seconds\"}",
  "timestamp": 6400
}
{
  "sandboxLog": "{\"errorMessage\":\"2024-04-11T02:18:49.145Z 60b49667-2071-4885-b6e5-b9a45c06cadc Task timed out after 1.04 seconds\"}",
  "lambdaLog": "{\"errorMessage\":\"2024-04-11T02:18:49.145Z 60b49667-2071-4885-b6e5-b9a45c06cadc Task timed out after 1.04 seconds\"}",
  "timestamp": 6500
}
{
  "sandboxLog": "{\"errorMessage\":\"2024-04-11T02:18:50.226Z 40f56642-040b-4a46-b4e7-a099d84f4b71 Task timed out after 1.04 seconds\"}",
  "lambdaLog": "{\"errorMessage\":\"2024-04-11T02:18:50.226Z 40f56642-040b-4a46-b4e7-a099d84f4b71 Task timed out after 1.04 seconds\"}",
  "timestamp": 6600
}
{
  "sandboxLog": "{\"errorMessage\":\"2024-04-11T02:18:51.306Z 558e1123-926d-4c28-a4cf-c9a4db53ec90 Task timed out after 1.02 seconds\"}",
  "lambdaLog": "{\"errorMessage\":\"2024-04-11T02:18:51.306Z 558e1123-926d-4c28-a4cf-c9a4db53ec90 Task timed out after 1.02 seconds\"}",
  "timestamp": 6700
}
{
  "sandboxLog": "{\"errorMessage\":\"2024-04-11T02:18:52.425Z 4e1ef5bc-b873-4f7a-93c9-f9ac16cf698e Task timed out after 1.06 seconds\"}",
  "lambdaLog": "{\"errorMessage\":\"2024-04-11T02:18:52.425Z 4e1ef5bc-b873-4f7a-93c9-f9ac16cf698e Task timed out after 1.06 seconds\"}",
  "timestamp": 6800
}
{
  "sandboxLog": "{\"errorMessage\":\"2024-04-11T02:18:53.505Z 4f5902bf-c0a4-458c-88fa-8baf5a9cca83 Task timed out after 1.04 seconds\"}",
  "lambdaLog": "{\"errorMessage\":\"2024-04-11T02:18:53.505Z 4f5902bf-c0a4-458c-88fa-8baf5a9cca83 Task timed out after 1.04 seconds\"}",
  "timestamp": 6900
}
{
  "sandboxLog": "{\"errorMessage\":\"2024-04-11T02:18:54.586Z 725dd7aa-f571-4128-b2e1-cdeb9424cb48 Task timed out after 1.04 seconds\"}",
  "lambdaLog": "{\"errorMessage\":\"2024-04-11T02:18:54.586Z 725dd7aa-f571-4128-b2e1-cdeb9424cb48 Task timed out after 1.04 seconds\"}",
  "timestamp": 7000
}
{
  "sandboxLog": "{\"errorMessage\":\"2024-04-11T02:18:55.666Z 921bf9f4-3f09-498a-bcdc-85066e295826 Task timed out after 1.02 seconds\"}",
  "lambdaLog": "{\"errorMessage\":\"2024-04-11T02:18:55.666Z 921bf9f4-3f09-498a-bcdc-85066e295826 Task timed out after 1.02 seconds\"}",
  "timestamp": 7100
}
{
  "sandboxLog": "{\"errorMessage\":\"2024-04-11T02:18:56.765Z 02e67fcf-d1c5-4d67-b2e3-df631050f4d2 Task timed out after 1.06 seconds\"}",
  "lambdaLog": "{\"errorMessage\":\"2024-04-11T02:18:56.765Z 02e67fcf-d1c5-4d67-b2e3-df631050f4d2 Task timed out after 1.06 seconds\"}",
  "timestamp": 7200
}
{
  "sandboxLog": "{\"errorMessage\":\"2024-04-11T02:18:57.966Z 1197261d-901f-4b37-a673-1d03c55a3933 Task timed out after 1.04 seconds\"}",
  "lambdaLog": "{\"errorMessage\":\"2024-04-11T02:18:57.966Z 1197261d-901f-4b37-a673-1d03c55a3933 Task timed out after 1.04 seconds\"}",
  "timestamp": 7300
}
{
  "sandboxLog": "{\"errorMessage\":\"2024-04-11T02:18:59.126Z bea12326-7889-4952-9fbd-393dc14db71d Task timed out after 1.10 seconds\"}",
  "lambdaLog": "{\"errorMessage\":\"2024-04-11T02:18:59.126Z bea12326-7889-4952-9fbd-393dc14db71d Task timed out after 1.10 seconds\"}",
  "timestamp": 7400
}
{
  "sandboxLog": "{\"errorMessage\":\"2024-04-11T02:19:00.447Z 246a1e91-99d5-4c35-9c8f-e0a07dfc9f3b Task timed out after 1.04 seconds\"}",
  "lambdaLog": "{\"errorMessage\":\"2024-04-11T02:19:00.447Z 246a1e91-99d5-4c35-9c8f-e0a07dfc9f3b Task timed out after 1.04 seconds\"}",
  "timestamp": 7500
}
{
  "sandboxLog": "{\"errorMessage\":\"2024-04-11T02:19:01.545Z 3791f8ff-88de-408e-871a-7521d1cb3806 Task timed out after 1.06 seconds\"}",
  "lambdaLog": "{\"errorMessage\":\"2024-04-11T02:19:01.545Z 3791f8ff-88de-408e-871a-7521d1cb3806 Task timed out after 1.06 seconds\"}",
  "timestamp": 7600
}
{
  "sandboxLog": "{\"errorMessage\":\"2024-04-11T02:19:02.626Z 51eca695-c4ce-42bd-8fa0-c6be53ade874 Task timed out after 1.04 seconds\"}",
  "lambdaLog": "{\"errorMessage\":\"2024-04-11T02:19:02.626Z 51eca695-c4ce-42bd-8fa0-c6be53ade874 Task timed out after 1.04 seconds\"}",
  "timestamp": 7700
}
{
  "sandboxLog": "{\"errorMessage\":\"2024-04-11T02:19:03.706Z 573a19e6-7d90-47c4-a2e8-ee7d8f3067e1 Task timed out after 1.04 seconds\"}",
  "lambdaLog": "{\"errorMessage\":\"2024-04-11T02:19:03.706Z 573a19e6-7d90-47c4-a2e8-ee7d8f3067e1 Task timed out after 1.04 seconds\"}",
  "timestamp": 7800
}
{
  "sandboxLog": "{\"errorMessage\":\"2024-04-11T02:19:04.806Z 325053f4-fb59-4fca-9ce6-54b9032d51e9 Task timed out after 1.04 seconds\"}",
  "lambdaLog": "{\"errorMessage\":\"2024-04-11T02:19:04.806Z 325053f4-fb59-4fca-9ce6-54b9032d51e9 Task timed out after 1.04 seconds\"}",
  "timestamp": 7900
}
{
  "sandboxLog": "{\"errorMessage\":\"2024-04-11T02:19:05.906Z 17477056-8199-4194-8353-65a324f7b941 Task timed out after 1.06 seconds\"}",
  "lambdaLog": "{\"errorMessage\":\"2024-04-11T02:19:05.906Z 17477056-8199-4194-8353-65a324f7b941 Task timed out after 1.06 seconds\"}",
  "timestamp": 8000
}
{
  "sandboxLog": "{\"errorMessage\":\"2024-04-11T02:19:07.065Z 41f58b70-78e0-4821-a24c-05e33faf9bd6 Task timed out after 1.12 seconds\"}",
  "lambdaLog": "{\"errorMessage\":\"2024-04-11T02:19:07.065Z 41f58b70-78e0-4821-a24c-05e33faf9bd6 Task timed out after 1.12 seconds\"}",
  "timestamp": 8100
}
{
  "sandboxLog": "{\"errorMessage\":\"2024-04-11T02:19:08.106Z 76546473-5b7e-4002-a206-1786ea386985 Task timed out after 1.00 seconds\"}",
  "lambdaLog": "{\"errorMessage\":\"2024-04-11T02:19:08.106Z 76546473-5b7e-4002-a206-1786ea386985 Task timed out after 1.00 seconds\"}",
  "timestamp": 8200
}
{
  "sandboxLog": "{\"errorMessage\":\"2024-04-11T02:19:09.285Z 92fa9d93-dbbd-4da8-97a6-b0e628bc0891 Task timed out after 1.14 seconds\"}",
  "lambdaLog": "{\"errorMessage\":\"2024-04-11T02:19:09.285Z 92fa9d93-dbbd-4da8-97a6-b0e628bc0891 Task timed out after 1.14 seconds\"}",
  "timestamp": 8300
}
{
  "sandboxLog": "{\"errorMessage\":\"2024-04-11T02:19:10.327Z 1ac4170c-71b3-487a-ab61-a34ac42dddbd Task timed out after 1.02 seconds\"}",
  "lambdaLog": "{\"errorMessage\":\"2024-04-11T02:19:10.327Z 1ac4170c-71b3-487a-ab61-a34ac42dddbd Task timed out after 1.02 seconds\"}",
  "timestamp": 8400
}
{
  "sandboxLog": "{\"errorMessage\":\"2024-04-11T02:19:11.547Z d95a596c-dcf9-40e6-9fbd-ea412b07168b Task timed out after 1.14 seconds\"}",
  "lambdaLog": "{\"errorMessage\":\"2024-04-11T02:19:11.547Z d95a596c-dcf9-40e6-9fbd-ea412b07168b Task timed out after 1.14 seconds\"}",
  "timestamp": 8500
}
{
  "sandboxLog": "{\"errorMessage\":\"2024-04-11T02:19:12.685Z b9590b72-a793-4373-b733-402852efc2c1 Task timed out after 1.10 seconds\"}",
  "lambdaLog": "{\"errorMessage\":\"2024-04-11T02:19:12.685Z b9590b72-a793-4373-b733-402852efc2c1 Task timed out after 1.10 seconds\"}",
  "timestamp": 8600
}
{
  "sandboxLog": "{\"errorMessage\":\"2024-04-11T02:19:13.765Z e486bba3-1227-40ad-b16a-87c5e69bd732 Task timed out after 1.04 seconds\"}",
  "lambdaLog": "{\"errorMessage\":\"2024-04-11T02:19:13.765Z e486bba3-1227-40ad-b16a-87c5e69bd732 Task timed out after 1.04 seconds\"}",
  "timestamp": 8700
}
{
  "sandboxLog": "{\"errorMessage\":\"2024-04-11T02:19:14.845Z d2aa7e2e-6c12-457f-bf2f-d85f7d193148 Task timed out after 1.04 seconds\"}",
  "lambdaLog": "{\"errorMessage\":\"2024-04-11T02:19:14.845Z d2aa7e2e-6c12-457f-bf2f-d85f7d193148 Task timed out after 1.04 seconds\"}",
  "timestamp": 8800
}
{
  "sandboxLog": "{\"errorMessage\":\"2024-04-11T02:19:15.906Z 613fd5ab-b034-4a23-b8b6-e8b1403de768 Task timed out after 1.02 seconds\"}",
  "lambdaLog": "{\"errorMessage\":\"2024-04-11T02:19:15.906Z 613fd5ab-b034-4a23-b8b6-e8b1403de768 Task timed out after 1.02 seconds\"}",
  "timestamp": 8900
}
{
  "sandboxLog": "{\"errorMessage\":\"2024-04-11T02:19:17.125Z cdcc4b45-548f-4c10-8e9d-3c24227c4b01 Task timed out after 1.18 seconds\"}",
  "lambdaLog": "{\"errorMessage\":\"2024-04-11T02:19:17.125Z cdcc4b45-548f-4c10-8e9d-3c24227c4b01 Task timed out after 1.18 seconds\"}",
  "timestamp": 9000
}
{
  "sandboxLog": "{\"errorMessage\":\"2024-04-11T02:19:18.266Z 664ed107-7d34-473e-b000-fcfbfb72a12e Task timed out after 1.10 seconds\"}",
  "lambdaLog": "{\"errorMessage\":\"2024-04-11T02:19:18.266Z 664ed107-7d34-473e-b000-fcfbfb72a12e Task timed out after 1.10 seconds\"}",
  "timestamp": 9100
}
{
  "sandboxLog": "{\"errorMessage\":\"2024-04-11T02:19:19.385Z 66545a33-9a37-4eb8-8b16-cf8f7920c087 Task timed out after 1.08 seconds\"}",
  "lambdaLog": "{\"errorMessage\":\"2024-04-11T02:19:19.385Z 66545a33-9a37-4eb8-8b16-cf8f7920c087 Task timed out after 1.08 seconds\"}",
  "timestamp": 9200
}
{
  "sandboxLog": "{\"errorMessage\":\"2024-04-11T02:19:20.466Z 0ae32ebc-7b66-4379-a12d-b79e88d51943 Task timed out after 1.04 seconds\"}",
  "lambdaLog": "{\"errorMessage\":\"2024-04-11T02:19:20.466Z 0ae32ebc-7b66-4379-a12d-b79e88d51943 Task timed out after 1.04 seconds\"}",
  "timestamp": 9300
}
{
  "sandboxLog": "{\"errorMessage\":\"2024-04-11T02:19:21.545Z 1e4afd13-f1bd-4415-a862-e4d7d0bba62d Task timed out after 1.04 seconds\"}",
  "lambdaLog": "{\"errorMessage\":\"2024-04-11T02:19:21.545Z 1e4afd13-f1bd-4415-a862-e4d7d0bba62d Task timed out after 1.04 seconds\"}",
  "timestamp": 9400
}
{
  "sandboxLog": "{\"errorMessage\":\"2024-04-11T02:19:22.607Z 6835bf51-6cf5-461a-82f2-9c54e320ef8e Task timed out after 1.02 seconds\"}",
  "lambdaLog": "{\"errorMessage\":\"2024-04-11T02:19:22.607Z 6835bf51-6cf5-461a-82f2-9c54e320ef8e Task timed out after 1.02 seconds\"}",
  "timestamp": 9500
}
{
  "sandboxLog": "{\"errorMessage\":\"2024-04-11T02:19:23.726Z e2be29ba-e4a7-49e4-96a4-91beb7aadd3d Task timed out after 1.05 seconds\"}",
  "lambdaLog": "{\"errorMessage\":\"2024-04-11T02:19:23.726Z e2be29ba-e4a7-49e4-96a4-91beb7aadd3d Task timed out after 1.05 seconds\"}",
  "timestamp": 9600
}
{
  "sandboxLog": "{\"errorMessage\":\"2024-04-11T02:19:24.885Z 76f33919-9242-47d0-a052-d8b443e6e1dc Task timed out after 1.04 seconds\"}",
  "lambdaLog": "{\"errorMessage\":\"2024-04-11T02:19:24.885Z 76f33919-9242-47d0-a052-d8b443e6e1dc Task timed out after 1.04 seconds\"}",
  "timestamp": 9700
}
{
  "sandboxLog": "{\"errorMessage\":\"2024-04-11T02:19:26.005Z 92775cbf-90e9-4edd-ae83-4fe9db066864 Task timed out after 1.08 seconds\"}",
  "lambdaLog": "{\"errorMessage\":\"2024-04-11T02:19:26.005Z 92775cbf-90e9-4edd-ae83-4fe9db066864 Task timed out after 1.08 seconds\"}",
  "timestamp": 9800
}
{
  "sandboxLog": "{\"errorMessage\":\"2024-04-11T02:19:27.067Z f92de42a-17a5-4cb0-bb8a-988bb15bed90 Task timed out after 1.04 seconds\"}",
  "lambdaLog": "{\"errorMessage\":\"2024-04-11T02:19:27.067Z f92de42a-17a5-4cb0-bb8a-988bb15bed90 Task timed out after 1.04 seconds\"}",
  "timestamp": 9900
}
{
  "sandboxLog": "{\"errorMessage\":\"2024-04-11T02:19:28.147Z b2bc1162-133c-48d2-994c-162fbf5d4579 Task timed out after 1.01 seconds\"}",
  "lambdaLog": "{\"errorMessage\":\"2024-04-11T02:19:28.147Z b2bc1162-133c-48d2-994c-162fbf5d4579 Task timed out after 1.01 seconds\"}",
  "timestamp": 10000
}



Activities log:
day;timestamp;product;bid_price_1;bid_volume_1;bid_price_2;bid_volume_2;bid_price_3;bid_volume_3;ask_price_1;ask_volume_1;ask_price_2;ask_volume_2;ask_price_3;ask_volume_3;mid_price;profit_and_loss




Trade History:
null