Sandbox logs:
{
  "sandboxLog": "{\"errorMessage\": \"Unable to import module 'app': cannot import name 'json' from 'typing' (/var/lang/lib/python3.12/typing.py)\", \"errorType\": \"Runtime.ImportModuleError\", \"requestId\": \"5416ec24-1149-4bef-92cf-d578bb2f6c19\", \"stackTrace\": []}",
  "lambdaLog": "{\"errorMessage\": \"Unable to import module 'app': cannot import name 'json' from 'typing' (/var/lang/lib/python3.12/typing.py)\", \"errorType\": \"Runtime.ImportModuleError\", \"requestId\": \"5416ec24-1149-4bef-92cf-d578bb2f6c19\", \"stackTrace\": []}",
  "timestamp": 0
}
{
  "sandboxLog": "{\"errorMessage\": \"Unable to import module 'app': cannot import name 'json' from 'typing' (/var/lang/lib/python3.12/typing.py)\", \"errorType\": \"Runtime.ImportModuleError\", \"requestId\": \"c27a3621-4632-43ea-a4e6-1b5f0930cb68\", \"stackTrace\": []}",
  "lambdaLog": "{\"errorMessage\": \"Unable to import module 'app': cannot import name 'json' from 'typing' (/var/lang/lib/python3.12/typing.py)\", \"errorType\": \"Runtime.ImportModuleError\", \"requestId\": \"c27a3621-4632-43ea-a4e6-1b5f0930cb68\", \"stackTrace\": []}",
  "timestamp": 100
}
{
  "sandboxLog": "{\"errorMessage\": \"Unable to import module 'app': cannot import name 'json' from 'typing' (/var/lang/lib/python3.12/typing.py)\", \"errorType\": \"Runtime.ImportModuleError\", \"requestId\": \"fc7b1613-0105-4e6f-90c7-4682a209d04c\", \"stackTrace\": []}",
  "lambdaLog": "{\"errorMessage\": \"Unable to import module 'app': cannot import name 'json' from 'typing' (/var/lang/lib/python3.12/typing.py)\", \"errorType\": \"Runtime.ImportModuleError\", \"requestId\": \"fc7b1613-0105-4e6f-90c7-4682a209d04c\", \"stackTrace\": []}",
  "timestamp": 200
}
{
  "sandboxLog": "{\"errorMessage\": \"Unable to import module 'app': cannot import name 'json' from 'typing' (/var/lang/lib/python3.12/typing.py)\", \"errorType\": \"Runtime.ImportModuleError\", \"requestId\": \"f143641a-89f9-4b00-8f6b-b06292ac0362\", \"stackTrace\": []}",
  "lambdaLog": "{\"errorMessage\": \"Unable to import module 'app': cannot import name 'json' from 'typing' (/var/lang/lib/python3.12/typing.py)\", \"errorType\": \"Runtime.ImportModuleError\", \"requestId\": \"f143641a-89f9-4b00-8f6b-b06292ac0362\", \"stackTrace\": []}",
  "timestamp": 300
}
{
  "sandboxLog": "{\"errorMessage\": \"Unable to import module 'app': cannot import name 'json' from 'typing' (/var/lang/lib/python3.12/typing.py)\", \"errorType\": \"Runtime.ImportModuleError\", \"requestId\": \"61f5ed80-ba8b-44ab-8790-d2765ea62870\", \"stackTrace\": []}",
  "lambdaLog": "{\"errorMessage\": \"Unable to import module 'app': cannot import name 'json' from 'typing' (/var/lang/lib/python3.12/typing.py)\", \"errorType\": \"Runtime.ImportModuleError\", \"requestId\": \"61f5ed80-ba8b-44ab-8790-d2765ea62870\", \"stackTrace\": []}",
  "timestamp": 400
}
{
  "sandboxLog": "{\"errorMessage\": \"Unable to import module 'app': cannot import name 'json' from 'typing' (/var/lang/lib/python3.12/typing.py)\", \"errorType\": \"Runtime.ImportModuleError\", \"requestId\": \"52845c08-b590-4b69-831d-f8fd814ec8a4\", \"stackTrace\": []}",
  "lambdaLog": "{\"errorMessage\": \"Unable to import module 'app': cannot import name 'json' from 'typing' (/var/lang/lib/python3.12/typing.py)\", \"errorType\": \"Runtime.ImportModuleError\", \"requestId\": \"52845c08-b590-4b69-831d-f8fd814ec8a4\", \"stackTrace\": []}",
  "timestamp": 500
}
{
  "sandboxLog": "{\"errorMessage\": \"Unable to import module 'app': cannot import name 'json' from 'typing' (/var/lang/lib/python3.12/typing.py)\", \"errorType\": \"Runtime.ImportModuleError\", \"requestId\": \"b7ef069a-f2d1-4f9d-85b5-6abd2b49833e\", \"stackTrace\": []}",
  "lambdaLog": "{\"errorMessage\": \"Unable to import module 'app': cannot import name 'json' from 'typing' (/var/lang/lib/python3.12/typing.py)\", \"errorType\": \"Runtime.ImportModuleError\", \"requestId\": \"b7ef069a-f2d1-4f9d-85b5-6abd2b49833e\", \"stackTrace\": []}",
  "timestamp": 600
}
{
  "sandboxLog": "{\"errorMessage\": \"Unable to import module 'app': cannot import name 'json' from 'typing' (/var/lang/lib/python3.12/typing.py)\", \"errorType\": \"Runtime.ImportModuleError\", \"requestId\": \"c6db42eb-5301-4830-8a02-9bb0db99df41\", \"stackTrace\": []}",
  "lambdaLog": "{\"errorMessage\": \"Unable to import module 'app': cannot import name 'json' from 'typing' (/var/lang/lib/python3.12/typing.py)\", \"errorType\": \"Runtime.ImportModuleError\", \"requestId\": \"c6db42eb-5301-4830-8a02-9bb0db99df41\", \"stackTrace\": []}",
  "timestamp": 700
}
{
  "sandboxLog": "{\"errorMessage\": \"Unable to import module 'app': cannot import name 'json' from 'typing' (/var/lang/lib/python3.12/typing.py)\", \"errorType\": \"Runtime.ImportModuleError\", \"requestId\": \"c526854a-1d93-4956-b529-55d2141e394d\", \"stackTrace\": []}",
  "lambdaLog": "{\"errorMessage\": \"Unable to import module 'app': cannot import name 'json' from 'typing' (/var/lang/lib/python3.12/typing.py)\", \"errorType\": \"Runtime.ImportModuleError\", \"requestId\": \"c526854a-1d93-4956-b529-55d2141e394d\", \"stackTrace\": []}",
  "timestamp": 800
}
{
  "sandboxLog": "{\"errorMessage\": \"Unable to import module 'app': cannot import name 'json' from 'typing' (/var/lang/lib/python3.12/typing.py)\", \"errorType\": \"Runtime.ImportModuleError\", \"requestId\": \"4bf34ad4-0c66-408c-83aa-5d9d2e1ef1a9\", \"stackTrace\": []}",
  "lambdaLog": "{\"errorMessage\": \"Unable to import module 'app': cannot import name 'json' from 'typing' (/var/lang/lib/python3.12/typing.py)\", \"errorType\": \"Runtime.ImportModuleError\", \"requestId\": \"4bf34ad4-0c66-408c-83aa-5d9d2e1ef1a9\", \"stackTrace\": []}",
  "timestamp": 900
}
{
  "sandboxLog": "{\"errorMessage\": \"Unable to import module 'app': cannot import name 'json' from 'typing' (/var/lang/lib/python3.12/typing.py)\", \"errorType\": \"Runtime.ImportModuleError\", \"requestId\": \"0036c874-ad81-4b46-b979-6482ca23ce01\", \"stackTrace\": []}",
  "lambdaLog": "{\"errorMessage\": \"Unable to import module 'app': cannot import name 'json' from 'typing' (/var/lang/lib/python3.12/typing.py)\", \"errorType\": \"Runtime.ImportModuleError\", \"requestId\": \"0036c874-ad81-4b46-b979-6482ca23ce01\", \"stackTrace\": []}",
  "timestamp": 1000
}
{
  "sandboxLog": "{\"errorMessage\": \"Unable to import module 'app': cannot import name 'json' from 'typing' (/var/lang/lib/python3.12/typing.py)\", \"errorType\": \"Runtime.ImportModuleError\", \"requestId\": \"9066cd3e-4b36-4e86-a4aa-12909b7fbb86\", \"stackTrace\": []}",
  "lambdaLog": "{\"errorMessage\": \"Unable to import module 'app': cannot import name 'json' from 'typing' (/var/lang/lib/python3.12/typing.py)\", \"errorType\": \"Runtime.ImportModuleError\", \"requestId\": \"9066cd3e-4b36-4e86-a4aa-12909b7fbb86\", \"stackTrace\": []}",
  "timestamp": 1100
}
{
  "sandboxLog": "{\"errorMessage\": \"Unable to import module 'app': cannot import name 'json' from 'typing' (/var/lang/lib/python3.12/typing.py)\", \"errorType\": \"Runtime.ImportModuleError\", \"requestId\": \"5e2de5e7-1c9b-4250-8c5e-01a57b97abcc\", \"stackTrace\": []}",
  "lambdaLog": "{\"errorMessage\": \"Unable to import module 'app': cannot import name 'json' from 'typing' (/var/lang/lib/python3.12/typing.py)\", \"errorType\": \"Runtime.ImportModuleError\", \"requestId\": \"5e2de5e7-1c9b-4250-8c5e-01a57b97abcc\", \"stackTrace\": []}",
  "timestamp": 1200
}
{
  "sandboxLog": "{\"errorMessage\": \"Unable to import module 'app': cannot import name 'json' from 'typing' (/var/lang/lib/python3.12/typing.py)\", \"errorType\": \"Runtime.ImportModuleError\", \"requestId\": \"05213ae9-835b-41b1-8d4f-1f5420e4ee73\", \"stackTrace\": []}",
  "lambdaLog": "{\"errorMessage\": \"Unable to import module 'app': cannot import name 'json' from 'typing' (/var/lang/lib/python3.12/typing.py)\", \"errorType\": \"Runtime.ImportModuleError\", \"requestId\": \"05213ae9-835b-41b1-8d4f-1f5420e4ee73\", \"stackTrace\": []}",
  "timestamp": 1300
}
{
  "sandboxLog": "{\"errorMessage\": \"Unable to import module 'app': cannot import name 'json' from 'typing' (/var/lang/lib/python3.12/typing.py)\", \"errorType\": \"Runtime.ImportModuleError\", \"requestId\": \"8eb4adeb-a185-4015-9664-e88e717619f0\", \"stackTrace\": []}",
  "lambdaLog": "{\"errorMessage\": \"Unable to import module 'app': cannot import name 'json' from 'typing' (/var/lang/lib/python3.12/typing.py)\", \"errorType\": \"Runtime.ImportModuleError\", \"requestId\": \"8eb4adeb-a185-4015-9664-e88e717619f0\", \"stackTrace\": []}",
  "timestamp": 1400
}
{
  "sandboxLog": "{\"errorMessage\": \"Unable to import module 'app': cannot import name 'json' from 'typing' (/var/lang/lib/python3.12/typing.py)\", \"errorType\": \"Runtime.ImportModuleError\", \"requestId\": \"15946f83-55d2-4002-9714-f5fb802f54e8\", \"stackTrace\": []}",
  "lambdaLog": "{\"errorMessage\": \"Unable to import module 'app': cannot import name 'json' from 'typing' (/var/lang/lib/python3.12/typing.py)\", \"errorType\": \"Runtime.ImportModuleError\", \"requestId\": \"15946f83-55d2-4002-9714-f5fb802f54e8\", \"stackTrace\": []}",
  "timestamp": 1500
}
{
  "sandboxLog": "{\"errorMessage\": \"Unable to import module 'app': cannot import name 'json' from 'typing' (/var/lang/lib/python3.12/typing.py)\", \"errorType\": \"Runtime.ImportModuleError\", \"requestId\": \"d79c94c2-88ef-43d5-a076-06ceae66064f\", \"stackTrace\": []}",
  "lambdaLog": "{\"errorMessage\": \"Unable to import module 'app': cannot import name 'json' from 'typing' (/var/lang/lib/python3.12/typing.py)\", \"errorType\": \"Runtime.ImportModuleError\", \"requestId\": \"d79c94c2-88ef-43d5-a076-06ceae66064f\", \"stackTrace\": []}",
  "timestamp": 1600
}
{
  "sandboxLog": "{\"errorMessage\": \"Unable to import module 'app': cannot import name 'json' from 'typing' (/var/lang/lib/python3.12/typing.py)\", \"errorType\": \"Runtime.ImportModuleError\", \"requestId\": \"a36a0e0d-bd9c-445a-9ec4-21f632eb5f93\", \"stackTrace\": []}",
  "lambdaLog": "{\"errorMessage\": \"Unable to import module 'app': cannot import name 'json' from 'typing' (/var/lang/lib/python3.12/typing.py)\", \"errorType\": \"Runtime.ImportModuleError\", \"requestId\": \"a36a0e0d-bd9c-445a-9ec4-21f632eb5f93\", \"stackTrace\": []}",
  "timestamp": 1700
}
{
  "sandboxLog": "{\"errorMessage\": \"Unable to import module 'app': cannot import name 'json' from 'typing' (/var/lang/lib/python3.12/typing.py)\", \"errorType\": \"Runtime.ImportModuleError\", \"requestId\": \"8805f067-8722-4cdd-84d8-204407321743\", \"stackTrace\": []}",
  "lambdaLog": "{\"errorMessage\": \"Unable to import module 'app': cannot import name 'json' from 'typing' (/var/lang/lib/python3.12/typing.py)\", \"errorType\": \"Runtime.ImportModuleError\", \"requestId\": \"8805f067-8722-4cdd-84d8-204407321743\", \"stackTrace\": []}",
  "timestamp": 1800
}
{
  "sandboxLog": "{\"errorMessage\": \"Unable to import module 'app': cannot import name 'json' from 'typing' (/var/lang/lib/python3.12/typing.py)\", \"errorType\": \"Runtime.ImportModuleError\", \"requestId\": \"af6839e4-d803-4658-94cc-40186e45f487\", \"stackTrace\": []}",
  "lambdaLog": "{\"errorMessage\": \"Unable to import module 'app': cannot import name 'json' from 'typing' (/var/lang/lib/python3.12/typing.py)\", \"errorType\": \"Runtime.ImportModuleError\", \"requestId\": \"af6839e4-d803-4658-94cc-40186e45f487\", \"stackTrace\": []}",
  "timestamp": 1900
}
{
  "sandboxLog": "{\"errorMessage\": \"Unable to import module 'app': cannot import name 'json' from 'typing' (/var/lang/lib/python3.12/typing.py)\", \"errorType\": \"Runtime.ImportModuleError\", \"requestId\": \"2e0f0491-49b8-459f-8201-eea35fe43846\", \"stackTrace\": []}",
  "lambdaLog": "{\"errorMessage\": \"Unable to import module 'app': cannot import name 'json' from 'typing' (/var/lang/lib/python3.12/typing.py)\", \"errorType\": \"Runtime.ImportModuleError\", \"requestId\": \"2e0f0491-49b8-459f-8201-eea35fe43846\", \"stackTrace\": []}",
  "timestamp": 2000
}
{
  "sandboxLog": "{\"errorMessage\": \"Unable to import module 'app': cannot import name 'json' from 'typing' (/var/lang/lib/python3.12/typing.py)\", \"errorType\": \"Runtime.ImportModuleError\", \"requestId\": \"2c5754d8-6d9b-483a-a75e-055a08726c64\", \"stackTrace\": []}",
  "lambdaLog": "{\"errorMessage\": \"Unable to import module 'app': cannot import name 'json' from 'typing' (/var/lang/lib/python3.12/typing.py)\", \"errorType\": \"Runtime.ImportModuleError\", \"requestId\": \"2c5754d8-6d9b-483a-a75e-055a08726c64\", \"stackTrace\": []}",
  "timestamp": 2100
}
{
  "sandboxLog": "{\"errorMessage\": \"Unable to import module 'app': cannot import name 'json' from 'typing' (/var/lang/lib/python3.12/typing.py)\", \"errorType\": \"Runtime.ImportModuleError\", \"requestId\": \"6bf0a1b6-7b1a-40d2-8fa1-57f4de108936\", \"stackTrace\": []}",
  "lambdaLog": "{\"errorMessage\": \"Unable to import module 'app': cannot import name 'json' from 'typing' (/var/lang/lib/python3.12/typing.py)\", \"errorType\": \"Runtime.ImportModuleError\", \"requestId\": \"6bf0a1b6-7b1a-40d2-8fa1-57f4de108936\", \"stackTrace\": []}",
  "timestamp": 2200
}
{
  "sandboxLog": "{\"errorMessage\": \"Unable to import module 'app': cannot import name 'json' from 'typing' (/var/lang/lib/python3.12/typing.py)\", \"errorType\": \"Runtime.ImportModuleError\", \"requestId\": \"75bebc64-1516-4230-ba43-b8d033464da9\", \"stackTrace\": []}",
  "lambdaLog": "{\"errorMessage\": \"Unable to import module 'app': cannot import name 'json' from 'typing' (/var/lang/lib/python3.12/typing.py)\", \"errorType\": \"Runtime.ImportModuleError\", \"requestId\": \"75bebc64-1516-4230-ba43-b8d033464da9\", \"stackTrace\": []}",
  "timestamp": 2300
}
{
  "sandboxLog": "{\"errorMessage\": \"Unable to import module 'app': cannot import name 'json' from 'typing' (/var/lang/lib/python3.12/typing.py)\", \"errorType\": \"Runtime.ImportModuleError\", \"requestId\": \"1ad065a8-9b8d-4838-a7bd-f12e3c44f3b5\", \"stackTrace\": []}",
  "lambdaLog": "{\"errorMessage\": \"Unable to import module 'app': cannot import name 'json' from 'typing' (/var/lang/lib/python3.12/typing.py)\", \"errorType\": \"Runtime.ImportModuleError\", \"requestId\": \"1ad065a8-9b8d-4838-a7bd-f12e3c44f3b5\", \"stackTrace\": []}",
  "timestamp": 2400
}
{
  "sandboxLog": "{\"errorMessage\": \"Unable to import module 'app': cannot import name 'json' from 'typing' (/var/lang/lib/python3.12/typing.py)\", \"errorType\": \"Runtime.ImportModuleError\", \"requestId\": \"ac9b7ddb-ecc2-40a2-904d-1a002a3c2eb7\", \"stackTrace\": []}",
  "lambdaLog": "{\"errorMessage\": \"Unable to import module 'app': cannot import name 'json' from 'typing' (/var/lang/lib/python3.12/typing.py)\", \"errorType\": \"Runtime.ImportModuleError\", \"requestId\": \"ac9b7ddb-ecc2-40a2-904d-1a002a3c2eb7\", \"stackTrace\": []}",
  "timestamp": 2500
}
{
  "sandboxLog": "{\"errorMessage\": \"Unable to import module 'app': cannot import name 'json' from 'typing' (/var/lang/lib/python3.12/typing.py)\", \"errorType\": \"Runtime.ImportModuleError\", \"requestId\": \"e7e4566d-2231-4d35-a8e2-b210c3c7a22c\", \"stackTrace\": []}",
  "lambdaLog": "{\"errorMessage\": \"Unable to import module 'app': cannot import name 'json' from 'typing' (/var/lang/lib/python3.12/typing.py)\", \"errorType\": \"Runtime.ImportModuleError\", \"requestId\": \"e7e4566d-2231-4d35-a8e2-b210c3c7a22c\", \"stackTrace\": []}",
  "timestamp": 2600
}
{
  "sandboxLog": "{\"errorMessage\": \"Unable to import module 'app': cannot import name 'json' from 'typing' (/var/lang/lib/python3.12/typing.py)\", \"errorType\": \"Runtime.ImportModuleError\", \"requestId\": \"958559ae-a6d8-4351-93e5-b103f8dea3ef\", \"stackTrace\": []}",
  "lambdaLog": "{\"errorMessage\": \"Unable to import module 'app': cannot import name 'json' from 'typing' (/var/lang/lib/python3.12/typing.py)\", \"errorType\": \"Runtime.ImportModuleError\", \"requestId\": \"958559ae-a6d8-4351-93e5-b103f8dea3ef\", \"stackTrace\": []}",
  "timestamp": 2700
}
{
  "sandboxLog": "{\"errorMessage\": \"Unable to import module 'app': cannot import name 'json' from 'typing' (/var/lang/lib/python3.12/typing.py)\", \"errorType\": \"Runtime.ImportModuleError\", \"requestId\": \"602d26cf-1ded-41cb-9a7a-42c930ae62de\", \"stackTrace\": []}",
  "lambdaLog": "{\"errorMessage\": \"Unable to import module 'app': cannot import name 'json' from 'typing' (/var/lang/lib/python3.12/typing.py)\", \"errorType\": \"Runtime.ImportModuleError\", \"requestId\": \"602d26cf-1ded-41cb-9a7a-42c930ae62de\", \"stackTrace\": []}",
  "timestamp": 2800
}
{
  "sandboxLog": "{\"errorMessage\": \"Unable to import module 'app': cannot import name 'json' from 'typing' (/var/lang/lib/python3.12/typing.py)\", \"errorType\": \"Runtime.ImportModuleError\", \"requestId\": \"366aefae-d1d5-4a42-b107-e11c557bae49\", \"stackTrace\": []}",
  "lambdaLog": "{\"errorMessage\": \"Unable to import module 'app': cannot import name 'json' from 'typing' (/var/lang/lib/python3.12/typing.py)\", \"errorType\": \"Runtime.ImportModuleError\", \"requestId\": \"366aefae-d1d5-4a42-b107-e11c557bae49\", \"stackTrace\": []}",
  "timestamp": 2900
}
{
  "sandboxLog": "{\"errorMessage\": \"Unable to import module 'app': cannot import name 'json' from 'typing' (/var/lang/lib/python3.12/typing.py)\", \"errorType\": \"Runtime.ImportModuleError\", \"requestId\": \"64c506e5-8be1-435b-a37c-558040d11a10\", \"stackTrace\": []}",
  "lambdaLog": "{\"errorMessage\": \"Unable to import module 'app': cannot import name 'json' from 'typing' (/var/lang/lib/python3.12/typing.py)\", \"errorType\": \"Runtime.ImportModuleError\", \"requestId\": \"64c506e5-8be1-435b-a37c-558040d11a10\", \"stackTrace\": []}",
  "timestamp": 3000
}
{
  "sandboxLog": "{\"errorMessage\": \"Unable to import module 'app': cannot import name 'json' from 'typing' (/var/lang/lib/python3.12/typing.py)\", \"errorType\": \"Runtime.ImportModuleError\", \"requestId\": \"d355a419-02b7-4ab2-8ad8-532c1d48eeb1\", \"stackTrace\": []}",
  "lambdaLog": "{\"errorMessage\": \"Unable to import module 'app': cannot import name 'json' from 'typing' (/var/lang/lib/python3.12/typing.py)\", \"errorType\": \"Runtime.ImportModuleError\", \"requestId\": \"d355a419-02b7-4ab2-8ad8-532c1d48eeb1\", \"stackTrace\": []}",
  "timestamp": 3100
}
{
  "sandboxLog": "{\"errorMessage\": \"Unable to import module 'app': cannot import name 'json' from 'typing' (/var/lang/lib/python3.12/typing.py)\", \"errorType\": \"Runtime.ImportModuleError\", \"requestId\": \"9646d341-136f-43ac-bfc7-c106ffddab52\", \"stackTrace\": []}",
  "lambdaLog": "{\"errorMessage\": \"Unable to import module 'app': cannot import name 'json' from 'typing' (/var/lang/lib/python3.12/typing.py)\", \"errorType\": \"Runtime.ImportModuleError\", \"requestId\": \"9646d341-136f-43ac-bfc7-c106ffddab52\", \"stackTrace\": []}",
  "timestamp": 3200
}
{
  "sandboxLog": "{\"errorMessage\": \"Unable to import module 'app': cannot import name 'json' from 'typing' (/var/lang/lib/python3.12/typing.py)\", \"errorType\": \"Runtime.ImportModuleError\", \"requestId\": \"e7f19320-e8dd-4922-bd26-3529f47cb36d\", \"stackTrace\": []}",
  "lambdaLog": "{\"errorMessage\": \"Unable to import module 'app': cannot import name 'json' from 'typing' (/var/lang/lib/python3.12/typing.py)\", \"errorType\": \"Runtime.ImportModuleError\", \"requestId\": \"e7f19320-e8dd-4922-bd26-3529f47cb36d\", \"stackTrace\": []}",
  "timestamp": 3300
}
{
  "sandboxLog": "{\"errorMessage\": \"Unable to import module 'app': cannot import name 'json' from 'typing' (/var/lang/lib/python3.12/typing.py)\", \"errorType\": \"Runtime.ImportModuleError\", \"requestId\": \"e3a02e04-5f51-4072-9e8a-96ea03dfe364\", \"stackTrace\": []}",
  "lambdaLog": "{\"errorMessage\": \"Unable to import module 'app': cannot import name 'json' from 'typing' (/var/lang/lib/python3.12/typing.py)\", \"errorType\": \"Runtime.ImportModuleError\", \"requestId\": \"e3a02e04-5f51-4072-9e8a-96ea03dfe364\", \"stackTrace\": []}",
  "timestamp": 3400
}
{
  "sandboxLog": "{\"errorMessage\": \"Unable to import module 'app': cannot import name 'json' from 'typing' (/var/lang/lib/python3.12/typing.py)\", \"errorType\": \"Runtime.ImportModuleError\", \"requestId\": \"6079799f-9645-455c-aaa4-158e9d114167\", \"stackTrace\": []}",
  "lambdaLog": "{\"errorMessage\": \"Unable to import module 'app': cannot import name 'json' from 'typing' (/var/lang/lib/python3.12/typing.py)\", \"errorType\": \"Runtime.ImportModuleError\", \"requestId\": \"6079799f-9645-455c-aaa4-158e9d114167\", \"stackTrace\": []}",
  "timestamp": 3500
}
{
  "sandboxLog": "{\"errorMessage\": \"Unable to import module 'app': cannot import name 'json' from 'typing' (/var/lang/lib/python3.12/typing.py)\", \"errorType\": \"Runtime.ImportModuleError\", \"requestId\": \"eee25dfc-6449-463b-b09e-e21f00ada1d3\", \"stackTrace\": []}",
  "lambdaLog": "{\"errorMessage\": \"Unable to import module 'app': cannot import name 'json' from 'typing' (/var/lang/lib/python3.12/typing.py)\", \"errorType\": \"Runtime.ImportModuleError\", \"requestId\": \"eee25dfc-6449-463b-b09e-e21f00ada1d3\", \"stackTrace\": []}",
  "timestamp": 3600
}
{
  "sandboxLog": "{\"errorMessage\": \"Unable to import module 'app': cannot import name 'json' from 'typing' (/var/lang/lib/python3.12/typing.py)\", \"errorType\": \"Runtime.ImportModuleError\", \"requestId\": \"bc52d598-9e87-49fe-81f7-793cfa44ceff\", \"stackTrace\": []}",
  "lambdaLog": "{\"errorMessage\": \"Unable to import module 'app': cannot import name 'json' from 'typing' (/var/lang/lib/python3.12/typing.py)\", \"errorType\": \"Runtime.ImportModuleError\", \"requestId\": \"bc52d598-9e87-49fe-81f7-793cfa44ceff\", \"stackTrace\": []}",
  "timestamp": 3700
}
{
  "sandboxLog": "{\"errorMessage\": \"Unable to import module 'app': cannot import name 'json' from 'typing' (/var/lang/lib/python3.12/typing.py)\", \"errorType\": \"Runtime.ImportModuleError\", \"requestId\": \"7b47b46c-9217-4156-a65f-14fdaaad00a8\", \"stackTrace\": []}",
  "lambdaLog": "{\"errorMessage\": \"Unable to import module 'app': cannot import name 'json' from 'typing' (/var/lang/lib/python3.12/typing.py)\", \"errorType\": \"Runtime.ImportModuleError\", \"requestId\": \"7b47b46c-9217-4156-a65f-14fdaaad00a8\", \"stackTrace\": []}",
  "timestamp": 3800
}
{
  "sandboxLog": "{\"errorMessage\": \"Unable to import module 'app': cannot import name 'json' from 'typing' (/var/lang/lib/python3.12/typing.py)\", \"errorType\": \"Runtime.ImportModuleError\", \"requestId\": \"a53111a2-797a-4a62-b3a9-b2a287af0c47\", \"stackTrace\": []}",
  "lambdaLog": "{\"errorMessage\": \"Unable to import module 'app': cannot import name 'json' from 'typing' (/var/lang/lib/python3.12/typing.py)\", \"errorType\": \"Runtime.ImportModuleError\", \"requestId\": \"a53111a2-797a-4a62-b3a9-b2a287af0c47\", \"stackTrace\": []}",
  "timestamp": 3900
}
{
  "sandboxLog": "{\"errorMessage\": \"Unable to import module 'app': cannot import name 'json' from 'typing' (/var/lang/lib/python3.12/typing.py)\", \"errorType\": \"Runtime.ImportModuleError\", \"requestId\": \"78c7e199-be54-4e06-a486-dbdd203704d9\", \"stackTrace\": []}",
  "lambdaLog": "{\"errorMessage\": \"Unable to import module 'app': cannot import name 'json' from 'typing' (/var/lang/lib/python3.12/typing.py)\", \"errorType\": \"Runtime.ImportModuleError\", \"requestId\": \"78c7e199-be54-4e06-a486-dbdd203704d9\", \"stackTrace\": []}",
  "timestamp": 4000
}
{
  "sandboxLog": "{\"errorMessage\": \"Unable to import module 'app': cannot import name 'json' from 'typing' (/var/lang/lib/python3.12/typing.py)\", \"errorType\": \"Runtime.ImportModuleError\", \"requestId\": \"bc80b810-7a58-458e-b128-008f257a3a29\", \"stackTrace\": []}",
  "lambdaLog": "{\"errorMessage\": \"Unable to import module 'app': cannot import name 'json' from 'typing' (/var/lang/lib/python3.12/typing.py)\", \"errorType\": \"Runtime.ImportModuleError\", \"requestId\": \"bc80b810-7a58-458e-b128-008f257a3a29\", \"stackTrace\": []}",
  "timestamp": 4100
}
{
  "sandboxLog": "{\"errorMessage\": \"Unable to import module 'app': cannot import name 'json' from 'typing' (/var/lang/lib/python3.12/typing.py)\", \"errorType\": \"Runtime.ImportModuleError\", \"requestId\": \"89e67072-919c-4770-be0f-2f754473e257\", \"stackTrace\": []}",
  "lambdaLog": "{\"errorMessage\": \"Unable to import module 'app': cannot import name 'json' from 'typing' (/var/lang/lib/python3.12/typing.py)\", \"errorType\": \"Runtime.ImportModuleError\", \"requestId\": \"89e67072-919c-4770-be0f-2f754473e257\", \"stackTrace\": []}",
  "timestamp": 4200
}
{
  "sandboxLog": "{\"errorMessage\": \"Unable to import module 'app': cannot import name 'json' from 'typing' (/var/lang/lib/python3.12/typing.py)\", \"errorType\": \"Runtime.ImportModuleError\", \"requestId\": \"03a7a041-716f-4ea9-98c6-6412c6c0c4aa\", \"stackTrace\": []}",
  "lambdaLog": "{\"errorMessage\": \"Unable to import module 'app': cannot import name 'json' from 'typing' (/var/lang/lib/python3.12/typing.py)\", \"errorType\": \"Runtime.ImportModuleError\", \"requestId\": \"03a7a041-716f-4ea9-98c6-6412c6c0c4aa\", \"stackTrace\": []}",
  "timestamp": 4300
}
{
  "sandboxLog": "{\"errorMessage\": \"Unable to import module 'app': cannot import name 'json' from 'typing' (/var/lang/lib/python3.12/typing.py)\", \"errorType\": \"Runtime.ImportModuleError\", \"requestId\": \"66e8eeda-a0b9-4b0f-881c-f30b3ef32ece\", \"stackTrace\": []}",
  "lambdaLog": "{\"errorMessage\": \"Unable to import module 'app': cannot import name 'json' from 'typing' (/var/lang/lib/python3.12/typing.py)\", \"errorType\": \"Runtime.ImportModuleError\", \"requestId\": \"66e8eeda-a0b9-4b0f-881c-f30b3ef32ece\", \"stackTrace\": []}",
  "timestamp": 4400
}
{
  "sandboxLog": "{\"errorMessage\": \"Unable to import module 'app': cannot import name 'json' from 'typing' (/var/lang/lib/python3.12/typing.py)\", \"errorType\": \"Runtime.ImportModuleError\", \"requestId\": \"aa08ee59-28ee-42de-bf02-08476c5c0082\", \"stackTrace\": []}",
  "lambdaLog": "{\"errorMessage\": \"Unable to import module 'app': cannot import name 'json' from 'typing' (/var/lang/lib/python3.12/typing.py)\", \"errorType\": \"Runtime.ImportModuleError\", \"requestId\": \"aa08ee59-28ee-42de-bf02-08476c5c0082\", \"stackTrace\": []}",
  "timestamp": 4500
}
{
  "sandboxLog": "{\"errorMessage\": \"Unable to import module 'app': cannot import name 'json' from 'typing' (/var/lang/lib/python3.12/typing.py)\", \"errorType\": \"Runtime.ImportModuleError\", \"requestId\": \"b8ec2595-9391-455d-9f16-e1ec8f37b3a0\", \"stackTrace\": []}",
  "lambdaLog": "{\"errorMessage\": \"Unable to import module 'app': cannot import name 'json' from 'typing' (/var/lang/lib/python3.12/typing.py)\", \"errorType\": \"Runtime.ImportModuleError\", \"requestId\": \"b8ec2595-9391-455d-9f16-e1ec8f37b3a0\", \"stackTrace\": []}",
  "timestamp": 4600
}
{
  "sandboxLog": "{\"errorMessage\": \"Unable to import module 'app': cannot import name 'json' from 'typing' (/var/lang/lib/python3.12/typing.py)\", \"errorType\": \"Runtime.ImportModuleError\", \"requestId\": \"8834097a-9a71-445f-8977-dbfba7223846\", \"stackTrace\": []}",
  "lambdaLog": "{\"errorMessage\": \"Unable to import module 'app': cannot import name 'json' from 'typing' (/var/lang/lib/python3.12/typing.py)\", \"errorType\": \"Runtime.ImportModuleError\", \"requestId\": \"8834097a-9a71-445f-8977-dbfba7223846\", \"stackTrace\": []}",
  "timestamp": 4700
}
{
  "sandboxLog": "{\"errorMessage\": \"Unable to import module 'app': cannot import name 'json' from 'typing' (/var/lang/lib/python3.12/typing.py)\", \"errorType\": \"Runtime.ImportModuleError\", \"requestId\": \"25c9e90f-f10a-4645-889d-56f199c461cb\", \"stackTrace\": []}",
  "lambdaLog": "{\"errorMessage\": \"Unable to import module 'app': cannot import name 'json' from 'typing' (/var/lang/lib/python3.12/typing.py)\", \"errorType\": \"Runtime.ImportModuleError\", \"requestId\": \"25c9e90f-f10a-4645-889d-56f199c461cb\", \"stackTrace\": []}",
  "timestamp": 4800
}
{
  "sandboxLog": "{\"errorMessage\": \"Unable to import module 'app': cannot import name 'json' from 'typing' (/var/lang/lib/python3.12/typing.py)\", \"errorType\": \"Runtime.ImportModuleError\", \"requestId\": \"38d96f0f-0538-4902-8c5e-ad6336bc3eb0\", \"stackTrace\": []}",
  "lambdaLog": "{\"errorMessage\": \"Unable to import module 'app': cannot import name 'json' from 'typing' (/var/lang/lib/python3.12/typing.py)\", \"errorType\": \"Runtime.ImportModuleError\", \"requestId\": \"38d96f0f-0538-4902-8c5e-ad6336bc3eb0\", \"stackTrace\": []}",
  "timestamp": 4900
}
{
  "sandboxLog": "{\"errorMessage\": \"Unable to import module 'app': cannot import name 'json' from 'typing' (/var/lang/lib/python3.12/typing.py)\", \"errorType\": \"Runtime.ImportModuleError\", \"requestId\": \"3bf03b1a-1381-41ba-9e36-0a08b4f4e7c0\", \"stackTrace\": []}",
  "lambdaLog": "{\"errorMessage\": \"Unable to import module 'app': cannot import name 'json' from 'typing' (/var/lang/lib/python3.12/typing.py)\", \"errorType\": \"Runtime.ImportModuleError\", \"requestId\": \"3bf03b1a-1381-41ba-9e36-0a08b4f4e7c0\", \"stackTrace\": []}",
  "timestamp": 5000
}
{
  "sandboxLog": "{\"errorMessage\": \"Unable to import module 'app': cannot import name 'json' from 'typing' (/var/lang/lib/python3.12/typing.py)\", \"errorType\": \"Runtime.ImportModuleError\", \"requestId\": \"901ce187-3fd9-4b1b-a8a8-0d47aa834079\", \"stackTrace\": []}",
  "lambdaLog": "{\"errorMessage\": \"Unable to import module 'app': cannot import name 'json' from 'typing' (/var/lang/lib/python3.12/typing.py)\", \"errorType\": \"Runtime.ImportModuleError\", \"requestId\": \"901ce187-3fd9-4b1b-a8a8-0d47aa834079\", \"stackTrace\": []}",
  "timestamp": 5100
}
{
  "sandboxLog": "{\"errorMessage\": \"Unable to import module 'app': cannot import name 'json' from 'typing' (/var/lang/lib/python3.12/typing.py)\", \"errorType\": \"Runtime.ImportModuleError\", \"requestId\": \"806522a1-8afb-48fe-ac12-c39a8898498e\", \"stackTrace\": []}",
  "lambdaLog": "{\"errorMessage\": \"Unable to import module 'app': cannot import name 'json' from 'typing' (/var/lang/lib/python3.12/typing.py)\", \"errorType\": \"Runtime.ImportModuleError\", \"requestId\": \"806522a1-8afb-48fe-ac12-c39a8898498e\", \"stackTrace\": []}",
  "timestamp": 5200
}
{
  "sandboxLog": "{\"errorMessage\": \"Unable to import module 'app': cannot import name 'json' from 'typing' (/var/lang/lib/python3.12/typing.py)\", \"errorType\": \"Runtime.ImportModuleError\", \"requestId\": \"ebd4aa48-f772-4f33-a912-c2fc04913efa\", \"stackTrace\": []}",
  "lambdaLog": "{\"errorMessage\": \"Unable to import module 'app': cannot import name 'json' from 'typing' (/var/lang/lib/python3.12/typing.py)\", \"errorType\": \"Runtime.ImportModuleError\", \"requestId\": \"ebd4aa48-f772-4f33-a912-c2fc04913efa\", \"stackTrace\": []}",
  "timestamp": 5300
}
{
  "sandboxLog": "{\"errorMessage\": \"Unable to import module 'app': cannot import name 'json' from 'typing' (/var/lang/lib/python3.12/typing.py)\", \"errorType\": \"Runtime.ImportModuleError\", \"requestId\": \"dbfee61e-53c7-4a3d-8175-54b1a958a8ed\", \"stackTrace\": []}",
  "lambdaLog": "{\"errorMessage\": \"Unable to import module 'app': cannot import name 'json' from 'typing' (/var/lang/lib/python3.12/typing.py)\", \"errorType\": \"Runtime.ImportModuleError\", \"requestId\": \"dbfee61e-53c7-4a3d-8175-54b1a958a8ed\", \"stackTrace\": []}",
  "timestamp": 5400
}
{
  "sandboxLog": "{\"errorMessage\": \"Unable to import module 'app': cannot import name 'json' from 'typing' (/var/lang/lib/python3.12/typing.py)\", \"errorType\": \"Runtime.ImportModuleError\", \"requestId\": \"9efabef7-dea2-4ec7-9f01-d5171e3de103\", \"stackTrace\": []}",
  "lambdaLog": "{\"errorMessage\": \"Unable to import module 'app': cannot import name 'json' from 'typing' (/var/lang/lib/python3.12/typing.py)\", \"errorType\": \"Runtime.ImportModuleError\", \"requestId\": \"9efabef7-dea2-4ec7-9f01-d5171e3de103\", \"stackTrace\": []}",
  "timestamp": 5500
}
{
  "sandboxLog": "{\"errorMessage\": \"Unable to import module 'app': cannot import name 'json' from 'typing' (/var/lang/lib/python3.12/typing.py)\", \"errorType\": \"Runtime.ImportModuleError\", \"requestId\": \"37bcc6f5-f25f-4736-87d5-9f8ed851f2b1\", \"stackTrace\": []}",
  "lambdaLog": "{\"errorMessage\": \"Unable to import module 'app': cannot import name 'json' from 'typing' (/var/lang/lib/python3.12/typing.py)\", \"errorType\": \"Runtime.ImportModuleError\", \"requestId\": \"37bcc6f5-f25f-4736-87d5-9f8ed851f2b1\", \"stackTrace\": []}",
  "timestamp": 5600
}
{
  "sandboxLog": "{\"errorMessage\": \"Unable to import module 'app': cannot import name 'json' from 'typing' (/var/lang/lib/python3.12/typing.py)\", \"errorType\": \"Runtime.ImportModuleError\", \"requestId\": \"1e943db6-c870-487d-bec0-95360ba20541\", \"stackTrace\": []}",
  "lambdaLog": "{\"errorMessage\": \"Unable to import module 'app': cannot import name 'json' from 'typing' (/var/lang/lib/python3.12/typing.py)\", \"errorType\": \"Runtime.ImportModuleError\", \"requestId\": \"1e943db6-c870-487d-bec0-95360ba20541\", \"stackTrace\": []}",
  "timestamp": 5700
}
{
  "sandboxLog": "{\"errorMessage\": \"Unable to import module 'app': cannot import name 'json' from 'typing' (/var/lang/lib/python3.12/typing.py)\", \"errorType\": \"Runtime.ImportModuleError\", \"requestId\": \"8d269950-0e39-4856-954d-783eb8278f81\", \"stackTrace\": []}",
  "lambdaLog": "{\"errorMessage\": \"Unable to import module 'app': cannot import name 'json' from 'typing' (/var/lang/lib/python3.12/typing.py)\", \"errorType\": \"Runtime.ImportModuleError\", \"requestId\": \"8d269950-0e39-4856-954d-783eb8278f81\", \"stackTrace\": []}",
  "timestamp": 5800
}
{
  "sandboxLog": "{\"errorMessage\": \"Unable to import module 'app': cannot import name 'json' from 'typing' (/var/lang/lib/python3.12/typing.py)\", \"errorType\": \"Runtime.ImportModuleError\", \"requestId\": \"ddb479a3-7590-4af9-b40d-13dab9fd7e1f\", \"stackTrace\": []}",
  "lambdaLog": "{\"errorMessage\": \"Unable to import module 'app': cannot import name 'json' from 'typing' (/var/lang/lib/python3.12/typing.py)\", \"errorType\": \"Runtime.ImportModuleError\", \"requestId\": \"ddb479a3-7590-4af9-b40d-13dab9fd7e1f\", \"stackTrace\": []}",
  "timestamp": 5900
}
{
  "sandboxLog": "{\"errorMessage\": \"Unable to import module 'app': cannot import name 'json' from 'typing' (/var/lang/lib/python3.12/typing.py)\", \"errorType\": \"Runtime.ImportModuleError\", \"requestId\": \"ea8bd74d-6689-44ff-ae4e-98b28440e9d5\", \"stackTrace\": []}",
  "lambdaLog": "{\"errorMessage\": \"Unable to import module 'app': cannot import name 'json' from 'typing' (/var/lang/lib/python3.12/typing.py)\", \"errorType\": \"Runtime.ImportModuleError\", \"requestId\": \"ea8bd74d-6689-44ff-ae4e-98b28440e9d5\", \"stackTrace\": []}",
  "timestamp": 6000
}
{
  "sandboxLog": "{\"errorMessage\": \"Unable to import module 'app': cannot import name 'json' from 'typing' (/var/lang/lib/python3.12/typing.py)\", \"errorType\": \"Runtime.ImportModuleError\", \"requestId\": \"33c51b46-fbb9-43d8-ad03-299e7208db7f\", \"stackTrace\": []}",
  "lambdaLog": "{\"errorMessage\": \"Unable to import module 'app': cannot import name 'json' from 'typing' (/var/lang/lib/python3.12/typing.py)\", \"errorType\": \"Runtime.ImportModuleError\", \"requestId\": \"33c51b46-fbb9-43d8-ad03-299e7208db7f\", \"stackTrace\": []}",
  "timestamp": 6100
}
{
  "sandboxLog": "{\"errorMessage\": \"Unable to import module 'app': cannot import name 'json' from 'typing' (/var/lang/lib/python3.12/typing.py)\", \"errorType\": \"Runtime.ImportModuleError\", \"requestId\": \"e79684bf-d487-4341-9caa-b4b7990832a3\", \"stackTrace\": []}",
  "lambdaLog": "{\"errorMessage\": \"Unable to import module 'app': cannot import name 'json' from 'typing' (/var/lang/lib/python3.12/typing.py)\", \"errorType\": \"Runtime.ImportModuleError\", \"requestId\": \"e79684bf-d487-4341-9caa-b4b7990832a3\", \"stackTrace\": []}",
  "timestamp": 6200
}
{
  "sandboxLog": "{\"errorMessage\": \"Unable to import module 'app': cannot import name 'json' from 'typing' (/var/lang/lib/python3.12/typing.py)\", \"errorType\": \"Runtime.ImportModuleError\", \"requestId\": \"0968baa1-0e6b-4cbd-b351-804b6e89aeb5\", \"stackTrace\": []}",
  "lambdaLog": "{\"errorMessage\": \"Unable to import module 'app': cannot import name 'json' from 'typing' (/var/lang/lib/python3.12/typing.py)\", \"errorType\": \"Runtime.ImportModuleError\", \"requestId\": \"0968baa1-0e6b-4cbd-b351-804b6e89aeb5\", \"stackTrace\": []}",
  "timestamp": 6300
}
{
  "sandboxLog": "{\"errorMessage\": \"Unable to import module 'app': cannot import name 'json' from 'typing' (/var/lang/lib/python3.12/typing.py)\", \"errorType\": \"Runtime.ImportModuleError\", \"requestId\": \"efe8cc10-068b-4ac5-8ee1-e0072d50c1c3\", \"stackTrace\": []}",
  "lambdaLog": "{\"errorMessage\": \"Unable to import module 'app': cannot import name 'json' from 'typing' (/var/lang/lib/python3.12/typing.py)\", \"errorType\": \"Runtime.ImportModuleError\", \"requestId\": \"efe8cc10-068b-4ac5-8ee1-e0072d50c1c3\", \"stackTrace\": []}",
  "timestamp": 6400
}
{
  "sandboxLog": "{\"errorMessage\": \"Unable to import module 'app': cannot import name 'json' from 'typing' (/var/lang/lib/python3.12/typing.py)\", \"errorType\": \"Runtime.ImportModuleError\", \"requestId\": \"279c7568-20f9-43d9-a08c-c9fe52c8cdc8\", \"stackTrace\": []}",
  "lambdaLog": "{\"errorMessage\": \"Unable to import module 'app': cannot import name 'json' from 'typing' (/var/lang/lib/python3.12/typing.py)\", \"errorType\": \"Runtime.ImportModuleError\", \"requestId\": \"279c7568-20f9-43d9-a08c-c9fe52c8cdc8\", \"stackTrace\": []}",
  "timestamp": 6500
}
{
  "sandboxLog": "{\"errorMessage\": \"Unable to import module 'app': cannot import name 'json' from 'typing' (/var/lang/lib/python3.12/typing.py)\", \"errorType\": \"Runtime.ImportModuleError\", \"requestId\": \"9c06a906-1e7a-4355-8a09-024da7b5c8f6\", \"stackTrace\": []}",
  "lambdaLog": "{\"errorMessage\": \"Unable to import module 'app': cannot import name 'json' from 'typing' (/var/lang/lib/python3.12/typing.py)\", \"errorType\": \"Runtime.ImportModuleError\", \"requestId\": \"9c06a906-1e7a-4355-8a09-024da7b5c8f6\", \"stackTrace\": []}",
  "timestamp": 6600
}
{
  "sandboxLog": "{\"errorMessage\": \"Unable to import module 'app': cannot import name 'json' from 'typing' (/var/lang/lib/python3.12/typing.py)\", \"errorType\": \"Runtime.ImportModuleError\", \"requestId\": \"906e780f-8ead-4b2b-bd75-d9c9d44e8615\", \"stackTrace\": []}",
  "lambdaLog": "{\"errorMessage\": \"Unable to import module 'app': cannot import name 'json' from 'typing' (/var/lang/lib/python3.12/typing.py)\", \"errorType\": \"Runtime.ImportModuleError\", \"requestId\": \"906e780f-8ead-4b2b-bd75-d9c9d44e8615\", \"stackTrace\": []}",
  "timestamp": 6700
}
{
  "sandboxLog": "{\"errorMessage\": \"Unable to import module 'app': cannot import name 'json' from 'typing' (/var/lang/lib/python3.12/typing.py)\", \"errorType\": \"Runtime.ImportModuleError\", \"requestId\": \"54ed8a82-7eb4-4e9b-8549-f24606eae92b\", \"stackTrace\": []}",
  "lambdaLog": "{\"errorMessage\": \"Unable to import module 'app': cannot import name 'json' from 'typing' (/var/lang/lib/python3.12/typing.py)\", \"errorType\": \"Runtime.ImportModuleError\", \"requestId\": \"54ed8a82-7eb4-4e9b-8549-f24606eae92b\", \"stackTrace\": []}",
  "timestamp": 6800
}
{
  "sandboxLog": "{\"errorMessage\": \"Unable to import module 'app': cannot import name 'json' from 'typing' (/var/lang/lib/python3.12/typing.py)\", \"errorType\": \"Runtime.ImportModuleError\", \"requestId\": \"31cfc0ed-57d2-4e5c-96c6-edc0472a2013\", \"stackTrace\": []}",
  "lambdaLog": "{\"errorMessage\": \"Unable to import module 'app': cannot import name 'json' from 'typing' (/var/lang/lib/python3.12/typing.py)\", \"errorType\": \"Runtime.ImportModuleError\", \"requestId\": \"31cfc0ed-57d2-4e5c-96c6-edc0472a2013\", \"stackTrace\": []}",
  "timestamp": 6900
}
{
  "sandboxLog": "{\"errorMessage\": \"Unable to import module 'app': cannot import name 'json' from 'typing' (/var/lang/lib/python3.12/typing.py)\", \"errorType\": \"Runtime.ImportModuleError\", \"requestId\": \"60433d1e-010d-4660-ad07-2eaa0e620cb0\", \"stackTrace\": []}",
  "lambdaLog": "{\"errorMessage\": \"Unable to import module 'app': cannot import name 'json' from 'typing' (/var/lang/lib/python3.12/typing.py)\", \"errorType\": \"Runtime.ImportModuleError\", \"requestId\": \"60433d1e-010d-4660-ad07-2eaa0e620cb0\", \"stackTrace\": []}",
  "timestamp": 7000
}
{
  "sandboxLog": "{\"errorMessage\": \"Unable to import module 'app': cannot import name 'json' from 'typing' (/var/lang/lib/python3.12/typing.py)\", \"errorType\": \"Runtime.ImportModuleError\", \"requestId\": \"342395d2-a6d8-46c7-ad3e-98ff8a794252\", \"stackTrace\": []}",
  "lambdaLog": "{\"errorMessage\": \"Unable to import module 'app': cannot import name 'json' from 'typing' (/var/lang/lib/python3.12/typing.py)\", \"errorType\": \"Runtime.ImportModuleError\", \"requestId\": \"342395d2-a6d8-46c7-ad3e-98ff8a794252\", \"stackTrace\": []}",
  "timestamp": 7100
}
{
  "sandboxLog": "{\"errorMessage\": \"Unable to import module 'app': cannot import name 'json' from 'typing' (/var/lang/lib/python3.12/typing.py)\", \"errorType\": \"Runtime.ImportModuleError\", \"requestId\": \"0ad0a3b7-89b7-4580-8f92-b630a04012e6\", \"stackTrace\": []}",
  "lambdaLog": "{\"errorMessage\": \"Unable to import module 'app': cannot import name 'json' from 'typing' (/var/lang/lib/python3.12/typing.py)\", \"errorType\": \"Runtime.ImportModuleError\", \"requestId\": \"0ad0a3b7-89b7-4580-8f92-b630a04012e6\", \"stackTrace\": []}",
  "timestamp": 7200
}
{
  "sandboxLog": "{\"errorMessage\": \"Unable to import module 'app': cannot import name 'json' from 'typing' (/var/lang/lib/python3.12/typing.py)\", \"errorType\": \"Runtime.ImportModuleError\", \"requestId\": \"c2a12128-9050-4ab5-b064-a4ee1aef855f\", \"stackTrace\": []}",
  "lambdaLog": "{\"errorMessage\": \"Unable to import module 'app': cannot import name 'json' from 'typing' (/var/lang/lib/python3.12/typing.py)\", \"errorType\": \"Runtime.ImportModuleError\", \"requestId\": \"c2a12128-9050-4ab5-b064-a4ee1aef855f\", \"stackTrace\": []}",
  "timestamp": 7300
}
{
  "sandboxLog": "{\"errorMessage\": \"Unable to import module 'app': cannot import name 'json' from 'typing' (/var/lang/lib/python3.12/typing.py)\", \"errorType\": \"Runtime.ImportModuleError\", \"requestId\": \"35914eb7-cfbd-4190-826d-658e04aca3e2\", \"stackTrace\": []}",
  "lambdaLog": "{\"errorMessage\": \"Unable to import module 'app': cannot import name 'json' from 'typing' (/var/lang/lib/python3.12/typing.py)\", \"errorType\": \"Runtime.ImportModuleError\", \"requestId\": \"35914eb7-cfbd-4190-826d-658e04aca3e2\", \"stackTrace\": []}",
  "timestamp": 7400
}
{
  "sandboxLog": "{\"errorMessage\": \"Unable to import module 'app': cannot import name 'json' from 'typing' (/var/lang/lib/python3.12/typing.py)\", \"errorType\": \"Runtime.ImportModuleError\", \"requestId\": \"760725e8-dd80-4451-8c4d-f6214c9cd6df\", \"stackTrace\": []}",
  "lambdaLog": "{\"errorMessage\": \"Unable to import module 'app': cannot import name 'json' from 'typing' (/var/lang/lib/python3.12/typing.py)\", \"errorType\": \"Runtime.ImportModuleError\", \"requestId\": \"760725e8-dd80-4451-8c4d-f6214c9cd6df\", \"stackTrace\": []}",
  "timestamp": 7500
}
{
  "sandboxLog": "{\"errorMessage\": \"Unable to import module 'app': cannot import name 'json' from 'typing' (/var/lang/lib/python3.12/typing.py)\", \"errorType\": \"Runtime.ImportModuleError\", \"requestId\": \"5071f8b7-71a4-4d2e-a4e1-2fd2d3a019d3\", \"stackTrace\": []}",
  "lambdaLog": "{\"errorMessage\": \"Unable to import module 'app': cannot import name 'json' from 'typing' (/var/lang/lib/python3.12/typing.py)\", \"errorType\": \"Runtime.ImportModuleError\", \"requestId\": \"5071f8b7-71a4-4d2e-a4e1-2fd2d3a019d3\", \"stackTrace\": []}",
  "timestamp": 7600
}
{
  "sandboxLog": "{\"errorMessage\": \"Unable to import module 'app': cannot import name 'json' from 'typing' (/var/lang/lib/python3.12/typing.py)\", \"errorType\": \"Runtime.ImportModuleError\", \"requestId\": \"969ee7a3-876d-48ec-944d-7ee29d8fecd7\", \"stackTrace\": []}",
  "lambdaLog": "{\"errorMessage\": \"Unable to import module 'app': cannot import name 'json' from 'typing' (/var/lang/lib/python3.12/typing.py)\", \"errorType\": \"Runtime.ImportModuleError\", \"requestId\": \"969ee7a3-876d-48ec-944d-7ee29d8fecd7\", \"stackTrace\": []}",
  "timestamp": 7700
}
{
  "sandboxLog": "{\"errorMessage\": \"Unable to import module 'app': cannot import name 'json' from 'typing' (/var/lang/lib/python3.12/typing.py)\", \"errorType\": \"Runtime.ImportModuleError\", \"requestId\": \"e7d2faee-32a1-4f29-ba15-b62fa7c6b37e\", \"stackTrace\": []}",
  "lambdaLog": "{\"errorMessage\": \"Unable to import module 'app': cannot import name 'json' from 'typing' (/var/lang/lib/python3.12/typing.py)\", \"errorType\": \"Runtime.ImportModuleError\", \"requestId\": \"e7d2faee-32a1-4f29-ba15-b62fa7c6b37e\", \"stackTrace\": []}",
  "timestamp": 7800
}
{
  "sandboxLog": "{\"errorMessage\": \"Unable to import module 'app': cannot import name 'json' from 'typing' (/var/lang/lib/python3.12/typing.py)\", \"errorType\": \"Runtime.ImportModuleError\", \"requestId\": \"d6227424-4621-48e2-8a86-12262ed677cd\", \"stackTrace\": []}",
  "lambdaLog": "{\"errorMessage\": \"Unable to import module 'app': cannot import name 'json' from 'typing' (/var/lang/lib/python3.12/typing.py)\", \"errorType\": \"Runtime.ImportModuleError\", \"requestId\": \"d6227424-4621-48e2-8a86-12262ed677cd\", \"stackTrace\": []}",
  "timestamp": 7900
}
{
  "sandboxLog": "{\"errorMessage\": \"Unable to import module 'app': cannot import name 'json' from 'typing' (/var/lang/lib/python3.12/typing.py)\", \"errorType\": \"Runtime.ImportModuleError\", \"requestId\": \"81c60cdf-9c70-4a5b-8c57-3eab3c101851\", \"stackTrace\": []}",
  "lambdaLog": "{\"errorMessage\": \"Unable to import module 'app': cannot import name 'json' from 'typing' (/var/lang/lib/python3.12/typing.py)\", \"errorType\": \"Runtime.ImportModuleError\", \"requestId\": \"81c60cdf-9c70-4a5b-8c57-3eab3c101851\", \"stackTrace\": []}",
  "timestamp": 8000
}
{
  "sandboxLog": "{\"errorMessage\": \"Unable to import module 'app': cannot import name 'json' from 'typing' (/var/lang/lib/python3.12/typing.py)\", \"errorType\": \"Runtime.ImportModuleError\", \"requestId\": \"0a787961-c462-4437-a5c6-d7e63f380149\", \"stackTrace\": []}",
  "lambdaLog": "{\"errorMessage\": \"Unable to import module 'app': cannot import name 'json' from 'typing' (/var/lang/lib/python3.12/typing.py)\", \"errorType\": \"Runtime.ImportModuleError\", \"requestId\": \"0a787961-c462-4437-a5c6-d7e63f380149\", \"stackTrace\": []}",
  "timestamp": 8100
}
{
  "sandboxLog": "{\"errorMessage\": \"Unable to import module 'app': cannot import name 'json' from 'typing' (/var/lang/lib/python3.12/typing.py)\", \"errorType\": \"Runtime.ImportModuleError\", \"requestId\": \"274dc76d-9434-453f-9e72-edd67b4ad3f7\", \"stackTrace\": []}",
  "lambdaLog": "{\"errorMessage\": \"Unable to import module 'app': cannot import name 'json' from 'typing' (/var/lang/lib/python3.12/typing.py)\", \"errorType\": \"Runtime.ImportModuleError\", \"requestId\": \"274dc76d-9434-453f-9e72-edd67b4ad3f7\", \"stackTrace\": []}",
  "timestamp": 8200
}
{
  "sandboxLog": "{\"errorMessage\": \"Unable to import module 'app': cannot import name 'json' from 'typing' (/var/lang/lib/python3.12/typing.py)\", \"errorType\": \"Runtime.ImportModuleError\", \"requestId\": \"f7582c08-4585-4d86-9f4a-e2fa00af8c29\", \"stackTrace\": []}",
  "lambdaLog": "{\"errorMessage\": \"Unable to import module 'app': cannot import name 'json' from 'typing' (/var/lang/lib/python3.12/typing.py)\", \"errorType\": \"Runtime.ImportModuleError\", \"requestId\": \"f7582c08-4585-4d86-9f4a-e2fa00af8c29\", \"stackTrace\": []}",
  "timestamp": 8300
}
{
  "sandboxLog": "{\"errorMessage\": \"Unable to import module 'app': cannot import name 'json' from 'typing' (/var/lang/lib/python3.12/typing.py)\", \"errorType\": \"Runtime.ImportModuleError\", \"requestId\": \"ef1d528a-dc9d-4785-a251-aacc23428424\", \"stackTrace\": []}",
  "lambdaLog": "{\"errorMessage\": \"Unable to import module 'app': cannot import name 'json' from 'typing' (/var/lang/lib/python3.12/typing.py)\", \"errorType\": \"Runtime.ImportModuleError\", \"requestId\": \"ef1d528a-dc9d-4785-a251-aacc23428424\", \"stackTrace\": []}",
  "timestamp": 8400
}
{
  "sandboxLog": "{\"errorMessage\": \"Unable to import module 'app': cannot import name 'json' from 'typing' (/var/lang/lib/python3.12/typing.py)\", \"errorType\": \"Runtime.ImportModuleError\", \"requestId\": \"416be176-749f-4fa7-a986-4caedc8b2cc5\", \"stackTrace\": []}",
  "lambdaLog": "{\"errorMessage\": \"Unable to import module 'app': cannot import name 'json' from 'typing' (/var/lang/lib/python3.12/typing.py)\", \"errorType\": \"Runtime.ImportModuleError\", \"requestId\": \"416be176-749f-4fa7-a986-4caedc8b2cc5\", \"stackTrace\": []}",
  "timestamp": 8500
}
{
  "sandboxLog": "{\"errorMessage\": \"Unable to import module 'app': cannot import name 'json' from 'typing' (/var/lang/lib/python3.12/typing.py)\", \"errorType\": \"Runtime.ImportModuleError\", \"requestId\": \"f4362b2e-eb57-4ef6-aee0-5c7dc1e0e4a8\", \"stackTrace\": []}",
  "lambdaLog": "{\"errorMessage\": \"Unable to import module 'app': cannot import name 'json' from 'typing' (/var/lang/lib/python3.12/typing.py)\", \"errorType\": \"Runtime.ImportModuleError\", \"requestId\": \"f4362b2e-eb57-4ef6-aee0-5c7dc1e0e4a8\", \"stackTrace\": []}",
  "timestamp": 8600
}
{
  "sandboxLog": "{\"errorMessage\": \"Unable to import module 'app': cannot import name 'json' from 'typing' (/var/lang/lib/python3.12/typing.py)\", \"errorType\": \"Runtime.ImportModuleError\", \"requestId\": \"77a1b5a6-c835-4a3f-90b8-825871187619\", \"stackTrace\": []}",
  "lambdaLog": "{\"errorMessage\": \"Unable to import module 'app': cannot import name 'json' from 'typing' (/var/lang/lib/python3.12/typing.py)\", \"errorType\": \"Runtime.ImportModuleError\", \"requestId\": \"77a1b5a6-c835-4a3f-90b8-825871187619\", \"stackTrace\": []}",
  "timestamp": 8700
}
{
  "sandboxLog": "{\"errorMessage\": \"Unable to import module 'app': cannot import name 'json' from 'typing' (/var/lang/lib/python3.12/typing.py)\", \"errorType\": \"Runtime.ImportModuleError\", \"requestId\": \"136cf8f2-6da1-4b11-82a3-0510343210d9\", \"stackTrace\": []}",
  "lambdaLog": "{\"errorMessage\": \"Unable to import module 'app': cannot import name 'json' from 'typing' (/var/lang/lib/python3.12/typing.py)\", \"errorType\": \"Runtime.ImportModuleError\", \"requestId\": \"136cf8f2-6da1-4b11-82a3-0510343210d9\", \"stackTrace\": []}",
  "timestamp": 8800
}
{
  "sandboxLog": "{\"errorMessage\": \"Unable to import module 'app': cannot import name 'json' from 'typing' (/var/lang/lib/python3.12/typing.py)\", \"errorType\": \"Runtime.ImportModuleError\", \"requestId\": \"3d493bfe-4dd6-4a3c-8f4f-3fb1c003ab74\", \"stackTrace\": []}",
  "lambdaLog": "{\"errorMessage\": \"Unable to import module 'app': cannot import name 'json' from 'typing' (/var/lang/lib/python3.12/typing.py)\", \"errorType\": \"Runtime.ImportModuleError\", \"requestId\": \"3d493bfe-4dd6-4a3c-8f4f-3fb1c003ab74\", \"stackTrace\": []}",
  "timestamp": 8900
}
{
  "sandboxLog": "{\"errorMessage\": \"Unable to import module 'app': cannot import name 'json' from 'typing' (/var/lang/lib/python3.12/typing.py)\", \"errorType\": \"Runtime.ImportModuleError\", \"requestId\": \"02c4002c-ffbf-4694-8eff-a958b9383698\", \"stackTrace\": []}",
  "lambdaLog": "{\"errorMessage\": \"Unable to import module 'app': cannot import name 'json' from 'typing' (/var/lang/lib/python3.12/typing.py)\", \"errorType\": \"Runtime.ImportModuleError\", \"requestId\": \"02c4002c-ffbf-4694-8eff-a958b9383698\", \"stackTrace\": []}",
  "timestamp": 9000
}
{
  "sandboxLog": "{\"errorMessage\": \"Unable to import module 'app': cannot import name 'json' from 'typing' (/var/lang/lib/python3.12/typing.py)\", \"errorType\": \"Runtime.ImportModuleError\", \"requestId\": \"c57cea96-9ec5-4218-a800-0a66c7ab03a3\", \"stackTrace\": []}",
  "lambdaLog": "{\"errorMessage\": \"Unable to import module 'app': cannot import name 'json' from 'typing' (/var/lang/lib/python3.12/typing.py)\", \"errorType\": \"Runtime.ImportModuleError\", \"requestId\": \"c57cea96-9ec5-4218-a800-0a66c7ab03a3\", \"stackTrace\": []}",
  "timestamp": 9100
}
{
  "sandboxLog": "{\"errorMessage\": \"Unable to import module 'app': cannot import name 'json' from 'typing' (/var/lang/lib/python3.12/typing.py)\", \"errorType\": \"Runtime.ImportModuleError\", \"requestId\": \"8c085094-1669-491c-86da-68f3695c8853\", \"stackTrace\": []}",
  "lambdaLog": "{\"errorMessage\": \"Unable to import module 'app': cannot import name 'json' from 'typing' (/var/lang/lib/python3.12/typing.py)\", \"errorType\": \"Runtime.ImportModuleError\", \"requestId\": \"8c085094-1669-491c-86da-68f3695c8853\", \"stackTrace\": []}",
  "timestamp": 9200
}
{
  "sandboxLog": "{\"errorMessage\": \"Unable to import module 'app': cannot import name 'json' from 'typing' (/var/lang/lib/python3.12/typing.py)\", \"errorType\": \"Runtime.ImportModuleError\", \"requestId\": \"98ec2f70-d73e-48c3-815e-02d0a1d808bd\", \"stackTrace\": []}",
  "lambdaLog": "{\"errorMessage\": \"Unable to import module 'app': cannot import name 'json' from 'typing' (/var/lang/lib/python3.12/typing.py)\", \"errorType\": \"Runtime.ImportModuleError\", \"requestId\": \"98ec2f70-d73e-48c3-815e-02d0a1d808bd\", \"stackTrace\": []}",
  "timestamp": 9300
}
{
  "sandboxLog": "{\"errorMessage\": \"Unable to import module 'app': cannot import name 'json' from 'typing' (/var/lang/lib/python3.12/typing.py)\", \"errorType\": \"Runtime.ImportModuleError\", \"requestId\": \"ed29e1df-35f9-4932-8045-9cadbdacda89\", \"stackTrace\": []}",
  "lambdaLog": "{\"errorMessage\": \"Unable to import module 'app': cannot import name 'json' from 'typing' (/var/lang/lib/python3.12/typing.py)\", \"errorType\": \"Runtime.ImportModuleError\", \"requestId\": \"ed29e1df-35f9-4932-8045-9cadbdacda89\", \"stackTrace\": []}",
  "timestamp": 9400
}
{
  "sandboxLog": "{\"errorMessage\": \"Unable to import module 'app': cannot import name 'json' from 'typing' (/var/lang/lib/python3.12/typing.py)\", \"errorType\": \"Runtime.ImportModuleError\", \"requestId\": \"f8706f45-33a2-435c-a4c7-adbc5aca2436\", \"stackTrace\": []}",
  "lambdaLog": "{\"errorMessage\": \"Unable to import module 'app': cannot import name 'json' from 'typing' (/var/lang/lib/python3.12/typing.py)\", \"errorType\": \"Runtime.ImportModuleError\", \"requestId\": \"f8706f45-33a2-435c-a4c7-adbc5aca2436\", \"stackTrace\": []}",
  "timestamp": 9500
}
{
  "sandboxLog": "{\"errorMessage\": \"Unable to import module 'app': cannot import name 'json' from 'typing' (/var/lang/lib/python3.12/typing.py)\", \"errorType\": \"Runtime.ImportModuleError\", \"requestId\": \"16ebc861-b004-47a4-8395-11a45e55e0f8\", \"stackTrace\": []}",
  "lambdaLog": "{\"errorMessage\": \"Unable to import module 'app': cannot import name 'json' from 'typing' (/var/lang/lib/python3.12/typing.py)\", \"errorType\": \"Runtime.ImportModuleError\", \"requestId\": \"16ebc861-b004-47a4-8395-11a45e55e0f8\", \"stackTrace\": []}",
  "timestamp": 9600
}
{
  "sandboxLog": "{\"errorMessage\": \"Unable to import module 'app': cannot import name 'json' from 'typing' (/var/lang/lib/python3.12/typing.py)\", \"errorType\": \"Runtime.ImportModuleError\", \"requestId\": \"9897068d-714c-4102-9525-f2653c591e65\", \"stackTrace\": []}",
  "lambdaLog": "{\"errorMessage\": \"Unable to import module 'app': cannot import name 'json' from 'typing' (/var/lang/lib/python3.12/typing.py)\", \"errorType\": \"Runtime.ImportModuleError\", \"requestId\": \"9897068d-714c-4102-9525-f2653c591e65\", \"stackTrace\": []}",
  "timestamp": 9700
}
{
  "sandboxLog": "{\"errorMessage\": \"Unable to import module 'app': cannot import name 'json' from 'typing' (/var/lang/lib/python3.12/typing.py)\", \"errorType\": \"Runtime.ImportModuleError\", \"requestId\": \"1614f1fe-7e78-4592-a003-37dd69670dee\", \"stackTrace\": []}",
  "lambdaLog": "{\"errorMessage\": \"Unable to import module 'app': cannot import name 'json' from 'typing' (/var/lang/lib/python3.12/typing.py)\", \"errorType\": \"Runtime.ImportModuleError\", \"requestId\": \"1614f1fe-7e78-4592-a003-37dd69670dee\", \"stackTrace\": []}",
  "timestamp": 9800
}
{
  "sandboxLog": "{\"errorMessage\": \"Unable to import module 'app': cannot import name 'json' from 'typing' (/var/lang/lib/python3.12/typing.py)\", \"errorType\": \"Runtime.ImportModuleError\", \"requestId\": \"8bc103b4-1dc4-4acb-9c7a-a0e1d14bd99e\", \"stackTrace\": []}",
  "lambdaLog": "{\"errorMessage\": \"Unable to import module 'app': cannot import name 'json' from 'typing' (/var/lang/lib/python3.12/typing.py)\", \"errorType\": \"Runtime.ImportModuleError\", \"requestId\": \"8bc103b4-1dc4-4acb-9c7a-a0e1d14bd99e\", \"stackTrace\": []}",
  "timestamp": 9900
}
{
  "sandboxLog": "{\"errorMessage\": \"Unable to import module 'app': cannot import name 'json' from 'typing' (/var/lang/lib/python3.12/typing.py)\", \"errorType\": \"Runtime.ImportModuleError\", \"requestId\": \"6e1a4beb-6707-4c2e-88c8-9e6608b0ac5a\", \"stackTrace\": []}",
  "lambdaLog": "{\"errorMessage\": \"Unable to import module 'app': cannot import name 'json' from 'typing' (/var/lang/lib/python3.12/typing.py)\", \"errorType\": \"Runtime.ImportModuleError\", \"requestId\": \"6e1a4beb-6707-4c2e-88c8-9e6608b0ac5a\", \"stackTrace\": []}",
  "timestamp": 10000
}



Activities log:
day;timestamp;product;bid_price_1;bid_volume_1;bid_price_2;bid_volume_2;bid_price_3;bid_volume_3;ask_price_1;ask_volume_1;ask_price_2;ask_volume_2;ask_price_3;ask_volume_3;mid_price;profit_and_loss




Trade History:
null